Base path: C:/Program Files/Unity/Editor/Data
Pipe name: \\.\pipe\UnityShaderCompiler-64bit-5-5376
Cmd: getPlatforms
Cmd: compileSnippet
  api=0 type=0 insize=99240 outsize=4652 kw=DIRECTIONAL SHADOWS_SCREEN LIGHTMAP_OFF DIRLIGHTMAP_OFF DYNAMICLIGHTMAP_OFF VERTEXLIGHT_ON LOD_FADE_PERCENTAGE GEOM_TYPE_FACING_LEAF ok=1
Cmd: compileSnippet
  api=8 type=1 insize=99240 outsize=2714 kw=DIRECTIONAL SHADOWS_SCREEN SHADOWS_NATIVE LIGHTMAP_OFF DIRLIGHTMAP_OFF DYNAMICLIGHTMAP_OFF GEOM_TYPE_BRANCH ok=1
Cmd: compileSnippet
  api=1 type=1 insize=99240 outsize=338 kw=DIRECTIONAL SHADOWS_OFF LIGHTMAP_OFF DIRLIGHTMAP_OFF DYNAMICLIGHTMAP_OFF GEOM_TYPE_FROND ok=1
Cmd: compileSnippet
  api=0 type=1 insize=99240 outsize=6 kw=DIRECTIONAL SHADOWS_OFF LIGHTMAP_OFF DIRLIGHTMAP_OFF DYNAMICLIGHTMAP_OFF GEOM_TYPE_LEAF ok=1
Cmd: compileSnippet
  api=8 type=1 insize=99240 outsize=2283 kw=DIRECTIONAL SHADOWS_OFF LIGHTMAP_OFF DIRLIGHTMAP_OFF DYNAMICLIGHTMAP_OFF GEOM_TYPE_LEAF ok=1
Cmd: compileSnippet
  api=4 type=1 insize=99240 outsize=1859 kw=DIRECTIONAL SHADOWS_SCREEN LIGHTMAP_OFF DIRLIGHTMAP_OFF DYNAMICLIGHTMAP_OFF GEOM_TYPE_FACING_LEAF ok=1
Cmd: compileSnippet
  api=8 type=1 insize=99240 outsize=2714 kw=DIRECTIONAL SHADOWS_SCREEN SHADOWS_NATIVE LIGHTMAP_OFF DIRLIGHTMAP_OFF DYNAMICLIGHTMAP_OFF LOD_FADE_PERCENTAGE GEOM_TYPE_BRANCH ok=1
Cmd: compileSnippet
  api=0 type=1 insize=99240 outsize=6 kw=DIRECTIONAL SHADOWS_SCREEN LIGHTMAP_OFF DIRLIGHTMAP_OFF DYNAMICLIGHTMAP_OFF LOD_FADE_PERCENTAGE GEOM_TYPE_FROND ok=1
Cmd: compileSnippet
  api=4 type=1 insize=99240 outsize=1859 kw=DIRECTIONAL SHADOWS_SCREEN LIGHTMAP_OFF DIRLIGHTMAP_OFF DYNAMICLIGHTMAP_OFF LOD_FADE_PERCENTAGE GEOM_TYPE_FROND ok=1
Cmd: compileSnippet
  api=0 type=1 insize=99240 outsize=6 kw=DIRECTIONAL SHADOWS_OFF LIGHTMAP_OFF DIRLIGHTMAP_OFF DYNAMICLIGHTMAP_OFF LOD_FADE_PERCENTAGE GEOM_TYPE_FACING_LEAF ok=1
Cmd: compileSnippet
  api=4 type=1 insize=99240 outsize=1542 kw=DIRECTIONAL SHADOWS_OFF LIGHTMAP_OFF DIRLIGHTMAP_OFF DYNAMICLIGHTMAP_OFF LOD_FADE_PERCENTAGE GEOM_TYPE_FACING_LEAF ok=1
Cmd: compileSnippet
  api=8 type=0 insize=58481 outsize=4201 kw=POINT GEOM_TYPE_BRANCH ok=1
Cmd: compileSnippet
  api=0 type=0 insize=58481 outsize=2087 kw=POINT_COOKIE GEOM_TYPE_BRANCH ok=1
Cmd: compileSnippet
  api=4 type=0 insize=58481 outsize=3143 kw=SPOT GEOM_TYPE_BRANCH_BLEND ok=1
Cmd: compileSnippet
  api=1 type=0 insize=58481 outsize=483 kw=POINT_COOKIE GEOM_TYPE_BRANCH_BLEND ok=1
Cmd: compileSnippet
  api=0 type=0 insize=58481 outsize=2269 kw=DIRECTIONAL_COOKIE GEOM_TYPE_BRANCH_BLEND ok=1
Cmd: compileSnippet
  api=8 type=0 insize=58481 outsize=4201 kw=POINT_COOKIE GEOM_TYPE_FROND ok=1
Cmd: compileSnippet
  api=1 type=0 insize=58481 outsize=413 kw=POINT GEOM_TYPE_LEAF ok=1
Cmd: compileSnippet
  api=0 type=0 insize=58481 outsize=1946 kw=DIRECTIONAL GEOM_TYPE_LEAF ok=1
Cmd: compileSnippet
  api=4 type=0 insize=58481 outsize=3549 kw=POINT GEOM_TYPE_FACING_LEAF ok=1
Cmd: compileSnippet
  api=8 type=0 insize=58481 outsize=5160 kw=DIRECTIONAL GEOM_TYPE_FACING_LEAF ok=1
Cmd: compileSnippet
  api=0 type=0 insize=58481 outsize=2670 kw=POINT_COOKIE GEOM_TYPE_FACING_LEAF ok=1
Cmd: compileSnippet
  api=8 type=0 insize=58481 outsize=4518 kw=SPOT LOD_FADE_PERCENTAGE GEOM_TYPE_BRANCH ok=1
Cmd: compileSnippet
  api=0 type=0 insize=58481 outsize=2055 kw=DIRECTIONAL_COOKIE LOD_FADE_PERCENTAGE GEOM_TYPE_BRANCH ok=1
Cmd: compileSnippet
  api=4 type=0 insize=58481 outsize=3289 kw=POINT_COOKIE LOD_FADE_PERCENTAGE GEOM_TYPE_BRANCH_BLEND ok=1
Cmd: compileSnippet
  api=4 type=0 insize=58481 outsize=3289 kw=DIRECTIONAL_COOKIE LOD_FADE_PERCENTAGE GEOM_TYPE_BRANCH_BLEND ok=1
Cmd: compileSnippet
  api=4 type=0 insize=58481 outsize=3110 kw=POINT LOD_FADE_PERCENTAGE GEOM_TYPE_FROND ok=1
Cmd: compileSnippet
  api=4 type=0 insize=58481 outsize=3110 kw=DIRECTIONAL LOD_FADE_PERCENTAGE GEOM_TYPE_FROND ok=1
Cmd: compileSnippet
  api=4 type=0 insize=58481 outsize=3110 kw=SPOT LOD_FADE_PERCENTAGE GEOM_TYPE_FROND ok=1
Cmd: compileSnippet
  api=4 type=0 insize=58481 outsize=3110 kw=POINT_COOKIE LOD_FADE_PERCENTAGE GEOM_TYPE_FROND ok=1
Cmd: compileSnippet
  api=8 type=0 insize=58481 outsize=4518 kw=DIRECTIONAL_COOKIE LOD_FADE_PERCENTAGE GEOM_TYPE_FROND ok=1
Cmd: compileSnippet
  api=0 type=0 insize=58481 outsize=2168 kw=DIRECTIONAL LOD_FADE_PERCENTAGE GEOM_TYPE_LEAF ok=1
Cmd: compileSnippet
  api=8 type=0 insize=58481 outsize=5509 kw=POINT LOD_FADE_PERCENTAGE GEOM_TYPE_FACING_LEAF ok=1
Cmd: compileSnippet
  api=1 type=0 insize=58481 outsize=744 kw=SPOT LOD_FADE_PERCENTAGE GEOM_TYPE_FACING_LEAF ok=1
Cmd: compileSnippet
  api=0 type=0 insize=58481 outsize=2750 kw=POINT_COOKIE LOD_FADE_PERCENTAGE GEOM_TYPE_FACING_LEAF ok=1
Cmd: compileSnippet
  api=1 type=1 insize=58481 outsize=243 kw=DIRECTIONAL GEOM_TYPE_BRANCH ok=1
Cmd: compileSnippet
  api=8 type=1 insize=58481 outsize=3648 kw=SPOT GEOM_TYPE_BRANCH ok=1
Cmd: compileSnippet
  api=4 type=1 insize=58481 outsize=2322 kw=POINT GEOM_TYPE_BRANCH_BLEND ok=1
Cmd: compileSnippet
  api=1 type=1 insize=58481 outsize=594 kw=POINT_COOKIE GEOM_TYPE_BRANCH_BLEND ok=1
Cmd: compileSnippet
  api=0 type=1 insize=58481 outsize=6 kw=POINT GEOM_TYPE_FROND ok=1
Cmd: compileSnippet
  api=8 type=1 insize=58481 outsize=3210 kw=POINT GEOM_TYPE_FROND ok=1
Cmd: compileSnippet
  api=0 type=1 insize=58481 outsize=6 kw=DIRECTIONAL_COOKIE GEOM_TYPE_FROND ok=1
Cmd: compileSnippet
  api=1 type=1 insize=58481 outsize=436 kw=DIRECTIONAL_COOKIE GEOM_TYPE_FROND ok=1
Cmd: compileSnippet
  api=0 type=1 insize=58481 outsize=6 kw=DIRECTIONAL GEOM_TYPE_LEAF ok=1
Cmd: compileSnippet
  api=4 type=1 insize=58481 outsize=1396 kw=DIRECTIONAL GEOM_TYPE_LEAF ok=1
Cmd: compileSnippet
  api=0 type=1 insize=58481 outsize=6 kw=DIRECTIONAL_COOKIE GEOM_TYPE_LEAF ok=1
Cmd: compileSnippet
  api=1 type=1 insize=58481 outsize=436 kw=DIRECTIONAL_COOKIE GEOM_TYPE_LEAF ok=1
Cmd: compileSnippet
  api=0 type=1 insize=58481 outsize=6 kw=DIRECTIONAL GEOM_TYPE_FACING_LEAF ok=1
Cmd: compileSnippet
  api=8 type=1 insize=58481 outsize=2072 kw=DIRECTIONAL GEOM_TYPE_FACING_LEAF ok=1
Cmd: compileSnippet
  api=1 type=1 insize=58481 outsize=436 kw=DIRECTIONAL_COOKIE GEOM_TYPE_FACING_LEAF ok=1
Cmd: compileSnippet
  api=1 type=1 insize=58481 outsize=243 kw=DIRECTIONAL LOD_FADE_PERCENTAGE GEOM_TYPE_BRANCH ok=1
Cmd: compileSnippet
  api=1 type=1 insize=58481 outsize=510 kw=POINT_COOKIE LOD_FADE_PERCENTAGE GEOM_TYPE_BRANCH ok=1
Cmd: compileSnippet
  api=1 type=1 insize=58481 outsize=544 kw=POINT LOD_FADE_PERCENTAGE GEOM_TYPE_BRANCH_BLEND ok=1
Cmd: compileSnippet
  api=4 type=1 insize=58481 outsize=2818 kw=SPOT LOD_FADE_PERCENTAGE GEOM_TYPE_BRANCH_BLEND ok=1
Cmd: compileSnippet
  api=0 type=1 insize=58481 outsize=6 kw=POINT LOD_FADE_PERCENTAGE GEOM_TYPE_FROND ok=1
Cmd: compileSnippet
  api=1 type=1 insize=58481 outsize=515 kw=POINT LOD_FADE_PERCENTAGE GEOM_TYPE_FROND ok=1
Cmd: compileSnippet
  api=4 type=1 insize=58481 outsize=2672 kw=SPOT LOD_FADE_PERCENTAGE GEOM_TYPE_FROND ok=1
Cmd: compileSnippet
  api=0 type=1 insize=58481 outsize=6 kw=POINT LOD_FADE_PERCENTAGE GEOM_TYPE_LEAF ok=1
Cmd: compileSnippet
  api=4 type=1 insize=58481 outsize=2176 kw=POINT LOD_FADE_PERCENTAGE GEOM_TYPE_LEAF ok=1
Cmd: compileSnippet
  api=0 type=1 insize=58481 outsize=6 kw=POINT_COOKIE LOD_FADE_PERCENTAGE GEOM_TYPE_LEAF ok=1
Cmd: compileSnippet
  api=4 type=1 insize=58481 outsize=2363 kw=POINT_COOKIE LOD_FADE_PERCENTAGE GEOM_TYPE_LEAF ok=1
Cmd: compileSnippet
  api=4 type=1 insize=58481 outsize=2176 kw=POINT LOD_FADE_PERCENTAGE GEOM_TYPE_FACING_LEAF ok=1
Cmd: compileSnippet
  api=1 type=1 insize=58481 outsize=565 kw=POINT_COOKIE LOD_FADE_PERCENTAGE GEOM_TYPE_FACING_LEAF ok=1
Cmd: compileSnippet
  api=4 type=0 insize=49708 outsize=2940 kw=GEOM_TYPE_BRANCH ok=1
Cmd: compileSnippet
  api=4 type=0 insize=49708 outsize=2940 kw=GEOM_TYPE_FROND ok=1
Cmd: compileSnippet
  api=8 type=0 insize=49708 outsize=4201 kw=GEOM_TYPE_LEAF ok=1
Cmd: compileSnippet
  api=0 type=0 insize=49708 outsize=1423 kw=LOD_FADE_PERCENTAGE GEOM_TYPE_BRANCH ok=1
Cmd: compileSnippet
  api=4 type=0 insize=49708 outsize=3744 kw=LOD_FADE_PERCENTAGE GEOM_TYPE_FACING_LEAF ok=1
Cmd: compileSnippet
  api=4 type=1 insize=49708 outsize=819 kw=GEOM_TYPE_BRANCH ok=1
Cmd: compileSnippet
  api=1 type=1 insize=49708 outsize=204 kw=GEOM_TYPE_LEAF ok=1
Cmd: compileSnippet
  api=4 type=1 insize=49708 outsize=819 kw=LOD_FADE_PERCENTAGE GEOM_TYPE_BRANCH ok=1
Cmd: compileSnippet
  api=0 type=1 insize=49708 outsize=6 kw=LOD_FADE_PERCENTAGE GEOM_TYPE_LEAF ok=1
Cmd: compileSnippet
  api=8 type=1 insize=49708 outsize=1650 kw=LOD_FADE_PERCENTAGE GEOM_TYPE_LEAF ok=1
Cmd: compileSnippet
  api=8 type=0 insize=86883 outsize=6086 kw=LIGHTMAP_OFF DIRLIGHTMAP_OFF DYNAMICLIGHTMAP_OFF GEOM_TYPE_BRANCH HDR_LIGHT_PREPASS_OFF ok=1
Cmd: compileSnippet
  api=0 type=0 insize=86883 outsize=3294 kw=LIGHTMAP_OFF DIRLIGHTMAP_OFF DYNAMICLIGHTMAP_OFF UNITY_HDR_ON GEOM_TYPE_BRANCH_BLEND ok=1
Cmd: compileSnippet
  api=1 type=0 insize=86883 outsize=761 kw=LIGHTMAP_OFF DIRLIGHTMAP_OFF DYNAMICLIGHTMAP_OFF UNITY_HDR_ON GEOM_TYPE_LEAF ok=1
Cmd: compileSnippet
  api=1 type=0 insize=86883 outsize=989 kw=LIGHTMAP_OFF DIRLIGHTMAP_OFF DYNAMICLIGHTMAP_OFF GEOM_TYPE_FACING_LEAF HDR_LIGHT_PREPASS_OFF ok=1
Cmd: compileSnippet
  api=1 type=0 insize=86883 outsize=989 kw=LIGHTMAP_OFF DIRLIGHTMAP_OFF DYNAMICLIGHTMAP_OFF UNITY_HDR_ON GEOM_TYPE_FACING_LEAF ok=1
Cmd: compileSnippet
  api=0 type=0 insize=86883 outsize=3089 kw=LIGHTMAP_OFF DIRLIGHTMAP_OFF DYNAMICLIGHTMAP_OFF LOD_FADE_PERCENTAGE GEOM_TYPE_BRANCH HDR_LIGHT_PREPASS_OFF ok=1
Cmd: compileSnippet
  api=4 type=0 insize=86883 outsize=4492 kw=LIGHTMAP_OFF DIRLIGHTMAP_OFF DYNAMICLIGHTMAP_OFF LOD_FADE_PERCENTAGE GEOM_TYPE_FROND HDR_LIGHT_PREPASS_OFF ok=1
Cmd: compileSnippet
  api=8 type=0 insize=86883 outsize=6460 kw=LIGHTMAP_OFF DIRLIGHTMAP_OFF DYNAMICLIGHTMAP_OFF UNITY_HDR_ON LOD_FADE_PERCENTAGE GEOM_TYPE_FROND ok=1
Cmd: compileSnippet
  api=1 type=0 insize=86883 outsize=924 kw=LIGHTMAP_OFF DIRLIGHTMAP_OFF DYNAMICLIGHTMAP_OFF UNITY_HDR_ON LOD_FADE_PERCENTAGE GEOM_TYPE_LEAF ok=1
Cmd: compileSnippet
  api=0 type=0 insize=86883 outsize=3611 kw=LIGHTMAP_OFF DIRLIGHTMAP_OFF DYNAMICLIGHTMAP_OFF LOD_FADE_PERCENTAGE GEOM_TYPE_FACING_LEAF HDR_LIGHT_PREPASS_OFF ok=1
Cmd: compileSnippet
  api=0 type=1 insize=86883 outsize=6 kw=LIGHTMAP_OFF DIRLIGHTMAP_OFF DYNAMICLIGHTMAP_OFF UNITY_HDR_ON GEOM_TYPE_BRANCH ok=1
Cmd: compileSnippet
  api=0 type=1 insize=86883 outsize=6 kw=LIGHTMAP_OFF DIRLIGHTMAP_OFF DYNAMICLIGHTMAP_OFF GEOM_TYPE_BRANCH_BLEND HDR_LIGHT_PREPASS_OFF ok=1
Cmd: compileSnippet
  api=4 type=1 insize=86883 outsize=1705 kw=LIGHTMAP_OFF DIRLIGHTMAP_OFF DYNAMICLIGHTMAP_OFF GEOM_TYPE_BRANCH_BLEND HDR_LIGHT_PREPASS_OFF ok=1
Cmd: compileSnippet
  api=0 type=1 insize=86883 outsize=6 kw=LIGHTMAP_OFF DIRLIGHTMAP_OFF DYNAMICLIGHTMAP_OFF UNITY_HDR_ON GEOM_TYPE_FROND ok=1
Cmd: compileSnippet
  api=4 type=1 insize=86883 outsize=1542 kw=LIGHTMAP_OFF DIRLIGHTMAP_OFF DYNAMICLIGHTMAP_OFF UNITY_HDR_ON GEOM_TYPE_FROND ok=1
Cmd: compileSnippet
  api=1 type=1 insize=86883 outsize=342 kw=LIGHTMAP_OFF DIRLIGHTMAP_OFF DYNAMICLIGHTMAP_OFF GEOM_TYPE_FACING_LEAF HDR_LIGHT_PREPASS_OFF ok=1
Cmd: compileSnippet
  api=1 type=1 insize=86883 outsize=287 kw=LIGHTMAP_OFF DIRLIGHTMAP_OFF DYNAMICLIGHTMAP_OFF LOD_FADE_PERCENTAGE GEOM_TYPE_BRANCH HDR_LIGHT_PREPASS_OFF ok=1
Cmd: compileSnippet
  api=4 type=1 insize=86883 outsize=1705 kw=LIGHTMAP_OFF DIRLIGHTMAP_OFF DYNAMICLIGHTMAP_OFF LOD_FADE_PERCENTAGE GEOM_TYPE_BRANCH_BLEND HDR_LIGHT_PREPASS_OFF ok=1
Cmd: compileSnippet
  api=0 type=1 insize=86883 outsize=6 kw=LIGHTMAP_OFF DIRLIGHTMAP_OFF DYNAMICLIGHTMAP_OFF UNITY_HDR_ON LOD_FADE_PERCENTAGE GEOM_TYPE_FROND ok=1
Cmd: compileSnippet
  api=4 type=1 insize=86883 outsize=1542 kw=LIGHTMAP_OFF DIRLIGHTMAP_OFF DYNAMICLIGHTMAP_OFF UNITY_HDR_ON LOD_FADE_PERCENTAGE GEOM_TYPE_FROND ok=1
Cmd: compileSnippet
  api=0 type=1 insize=86883 outsize=6 kw=LIGHTMAP_OFF DIRLIGHTMAP_OFF DYNAMICLIGHTMAP_OFF LOD_FADE_PERCENTAGE GEOM_TYPE_FACING_LEAF HDR_LIGHT_PREPASS_OFF ok=1
Cmd: compileSnippet
  api=0 type=1 insize=86883 outsize=6 kw=LIGHTMAP_OFF DIRLIGHTMAP_OFF DYNAMICLIGHTMAP_OFF UNITY_HDR_ON LOD_FADE_PERCENTAGE GEOM_TYPE_FACING_LEAF ok=1
Cmd: compileSnippet
  api=8 type=1 insize=86883 outsize=2251 kw=LIGHTMAP_OFF DIRLIGHTMAP_OFF DYNAMICLIGHTMAP_OFF UNITY_HDR_ON LOD_FADE_PERCENTAGE GEOM_TYPE_FACING_LEAF ok=1
Cmd: compileSnippet
  api=8 type=0 insize=88439 outsize=5655 kw=LIGHTMAP_OFF DIRLIGHTMAP_OFF DYNAMICLIGHTMAP_OFF UNITY_HDR_ON GEOM_TYPE_BRANCH ok=1
Cmd: compileSnippet
  api=0 type=0 insize=88439 outsize=3105 kw=LIGHTMAP_OFF DIRLIGHTMAP_OFF DYNAMICLIGHTMAP_OFF UNITY_HDR_ON GEOM_TYPE_BRANCH_BLEND ok=1
Cmd: compileSnippet
  api=4 type=0 insize=88439 outsize=3988 kw=LIGHTMAP_OFF DIRLIGHTMAP_OFF DYNAMICLIGHTMAP_OFF UNITY_HDR_ON GEOM_TYPE_LEAF ok=1
Cmd: compileSnippet
  api=8 type=0 insize=88439 outsize=6614 kw=LIGHTMAP_OFF DIRLIGHTMAP_OFF DYNAMICLIGHTMAP_OFF GEOM_TYPE_FACING_LEAF HDR_LIGHT_PREPASS_OFF ok=1
Cmd: compileSnippet
  api=0 type=0 insize=88439 outsize=2957 kw=LIGHTMAP_OFF DIRLIGHTMAP_OFF DYNAMICLIGHTMAP_OFF LOD_FADE_PERCENTAGE GEOM_TYPE_BRANCH HDR_LIGHT_PREPASS_OFF ok=1
Cmd: compileSnippet
  api=4 type=0 insize=88439 outsize=4158 kw=LIGHTMAP_OFF DIRLIGHTMAP_OFF DYNAMICLIGHTMAP_OFF LOD_FADE_PERCENTAGE GEOM_TYPE_FROND HDR_LIGHT_PREPASS_OFF ok=1
Cmd: compileSnippet
  api=8 type=0 insize=88439 outsize=5972 kw=LIGHTMAP_OFF DIRLIGHTMAP_OFF DYNAMICLIGHTMAP_OFF UNITY_HDR_ON LOD_FADE_PERCENTAGE GEOM_TYPE_FROND ok=1
Cmd: compileSnippet
  api=0 type=0 insize=88439 outsize=3246 kw=LIGHTMAP_OFF DIRLIGHTMAP_OFF DYNAMICLIGHTMAP_OFF UNITY_HDR_ON LOD_FADE_PERCENTAGE GEOM_TYPE_LEAF ok=1
Cmd: compileSnippet
  api=4 type=1 insize=88439 outsize=1615 kw=LIGHTMAP_OFF DIRLIGHTMAP_OFF DYNAMICLIGHTMAP_OFF UNITY_HDR_ON GEOM_TYPE_BRANCH ok=1
Cmd: compileSnippet
  api=4 type=1 insize=88439 outsize=1940 kw=LIGHTMAP_OFF DIRLIGHTMAP_OFF DYNAMICLIGHTMAP_OFF UNITY_HDR_ON GEOM_TYPE_BRANCH_BLEND ok=1
Cmd: compileSnippet
  api=4 type=1 insize=88439 outsize=1827 kw=LIGHTMAP_OFF DIRLIGHTMAP_OFF DYNAMICLIGHTMAP_OFF UNITY_HDR_ON GEOM_TYPE_FROND ok=1
Cmd: compileSnippet
  api=0 type=1 insize=88439 outsize=6 kw=LIGHTMAP_OFF DIRLIGHTMAP_OFF DYNAMICLIGHTMAP_OFF GEOM_TYPE_FACING_LEAF HDR_LIGHT_PREPASS_OFF ok=1
Cmd: compileSnippet
  api=8 type=1 insize=88439 outsize=2690 kw=LIGHTMAP_OFF DIRLIGHTMAP_OFF DYNAMICLIGHTMAP_OFF GEOM_TYPE_FACING_LEAF HDR_LIGHT_PREPASS_OFF ok=1
Cmd: compileSnippet
  api=4 type=1 insize=88439 outsize=1615 kw=LIGHTMAP_OFF DIRLIGHTMAP_OFF DYNAMICLIGHTMAP_OFF UNITY_HDR_ON LOD_FADE_PERCENTAGE GEOM_TYPE_BRANCH ok=1
Cmd: compileSnippet
  api=0 type=1 insize=88439 outsize=6 kw=LIGHTMAP_OFF DIRLIGHTMAP_OFF DYNAMICLIGHTMAP_OFF LOD_FADE_PERCENTAGE GEOM_TYPE_FROND HDR_LIGHT_PREPASS_OFF ok=1
Cmd: compileSnippet
  api=1 type=1 insize=88439 outsize=430 kw=LIGHTMAP_OFF DIRLIGHTMAP_OFF DYNAMICLIGHTMAP_OFF LOD_FADE_PERCENTAGE GEOM_TYPE_FROND HDR_LIGHT_PREPASS_OFF ok=1
Cmd: compileSnippet
  api=4 type=1 insize=88439 outsize=1875 kw=LIGHTMAP_OFF DIRLIGHTMAP_OFF DYNAMICLIGHTMAP_OFF LOD_FADE_PERCENTAGE GEOM_TYPE_LEAF HDR_LIGHT_PREPASS_OFF ok=1
Cmd: compileSnippet
  api=0 type=1 insize=88439 outsize=6 kw=LIGHTMAP_OFF DIRLIGHTMAP_OFF DYNAMICLIGHTMAP_OFF UNITY_HDR_ON LOD_FADE_PERCENTAGE GEOM_TYPE_FACING_LEAF ok=1
Cmd: compileSnippet
  api=8 type=1 insize=88439 outsize=2568 kw=LIGHTMAP_OFF DIRLIGHTMAP_OFF DYNAMICLIGHTMAP_OFF UNITY_HDR_ON LOD_FADE_PERCENTAGE GEOM_TYPE_FACING_LEAF ok=1
Cmd: compileSnippet
  api=8 type=0 insize=1123 outsize=2308 kw=SHADOWS_CUBE GEOM_TYPE_BRANCH ok=1
Cmd: compileSnippet
  api=8 type=0 insize=1123 outsize=5647 kw=SHADOWS_DEPTH GEOM_TYPE_BRANCH_BLEND ok=1
Cmd: compileSnippet
  api=4 type=0 insize=1123 outsize=3947 kw=SHADOWS_DEPTH GEOM_TYPE_FROND ok=1
Cmd: compileSnippet
  api=4 type=0 insize=1123 outsize=3947 kw=SHADOWS_DEPTH GEOM_TYPE_LEAF ok=1
Cmd: compileSnippet
  api=0 type=0 insize=1123 outsize=2670 kw=SHADOWS_DEPTH GEOM_TYPE_FACING_LEAF ok=1
Cmd: compileSnippet
  api=4 type=0 insize=1123 outsize=3955 kw=SHADOWS_DEPTH LOD_FADE_PERCENTAGE GEOM_TYPE_BRANCH_BLEND ok=1
Cmd: compileSnippet
  api=0 type=0 insize=1123 outsize=2372 kw=SHADOWS_DEPTH LOD_FADE_PERCENTAGE GEOM_TYPE_FROND ok=1
Cmd: compileSnippet
  api=4 type=0 insize=1123 outsize=4752 kw=SHADOWS_DEPTH LOD_FADE_PERCENTAGE GEOM_TYPE_FACING_LEAF ok=1
Cmd: compileSnippet
  api=1 type=1 insize=1123 outsize=61 kw=SHADOWS_DEPTH GEOM_TYPE_BRANCH ok=1
Cmd: compileSnippet
  api=8 type=1 insize=1123 outsize=658 kw=SHADOWS_DEPTH GEOM_TYPE_BRANCH_BLEND ok=1
Cmd: compileSnippet
  api=8 type=1 insize=1123 outsize=1601 kw=SHADOWS_CUBE GEOM_TYPE_FROND ok=1
Cmd: compileSnippet
  api=4 type=1 insize=1123 outsize=1095 kw=SHADOWS_CUBE GEOM_TYPE_FACING_LEAF ok=1
Cmd: compileSnippet
  api=4 type=1 insize=1123 outsize=437 kw=SHADOWS_DEPTH LOD_FADE_PERCENTAGE GEOM_TYPE_BRANCH_BLEND ok=1
Cmd: compileSnippet
  api=4 type=1 insize=1123 outsize=892 kw=SHADOWS_DEPTH LOD_FADE_PERCENTAGE GEOM_TYPE_FROND ok=1
Cmd: compileSnippet
  api=8 type=1 insize=1123 outsize=1308 kw=SHADOWS_DEPTH LOD_FADE_PERCENTAGE GEOM_TYPE_LEAF ok=1
Cmd: compileSnippet
  api=0 type=0 insize=1156 outsize=2101 kw=GEOM_TYPE_BRANCH ok=1
Cmd: compileSnippet
  api=8 type=0 insize=1156 outsize=6200 kw=GEOM_TYPE_FACING_LEAF ok=1
Cmd: compileSnippet
  api=1 type=0 insize=1156 outsize=901 kw=LOD_FADE_PERCENTAGE GEOM_TYPE_FROND ok=1
Cmd: compileSnippet
  api=4 type=0 insize=1156 outsize=3655 kw=LOD_FADE_PERCENTAGE GEOM_TYPE_FROND ok=1
Cmd: compileSnippet
  api=8 type=0 insize=1156 outsize=5915 kw=LOD_FADE_PERCENTAGE GEOM_TYPE_LEAF ok=1
Cmd: compileSnippet
  api=1 type=1 insize=1156 outsize=210 kw=GEOM_TYPE_BRANCH_BLEND ok=1
Cmd: compileSnippet
  api=0 type=1 insize=1156 outsize=6 kw=GEOM_TYPE_LEAF ok=1
Cmd: compileSnippet
  api=0 type=1 insize=1156 outsize=6 kw=GEOM_TYPE_FACING_LEAF ok=1
Cmd: compileSnippet
  api=8 type=1 insize=1156 outsize=1495 kw=GEOM_TYPE_FACING_LEAF ok=1
Cmd: compileSnippet
  api=4 type=1 insize=1156 outsize=1063 kw=LOD_FADE_PERCENTAGE GEOM_TYPE_FROND ok=1
Cmd: compileSnippet
  api=1 type=0 insize=116005 outsize=2806 kw=DIRECTIONAL SHADOWS_OFF LIGHTMAP_OFF DIRLIGHTMAP_OFF DYNAMICLIGHTMAP_OFF VERTEXLIGHT_ON ok=1
Cmd: compileSnippet
  api=0 type=0 insize=116005 outsize=6098 kw=DIRECTIONAL SHADOWS_OFF LIGHTMAP_OFF DIRLIGHTMAP_OFF DYNAMICLIGHTMAP_OFF EFFECT_HUE_VARIATION ok=1
Cmd: compileSnippet
  api=1 type=0 insize=116005 outsize=2636 kw=DIRECTIONAL SHADOWS_OFF LIGHTMAP_OFF DIRLIGHTMAP_OFF DYNAMICLIGHTMAP_OFF EFFECT_BUMP ok=1
Cmd: compileSnippet
  api=1 type=0 insize=116005 outsize=2785 kw=DIRECTIONAL SHADOWS_SCREEN LIGHTMAP_OFF DIRLIGHTMAP_OFF DYNAMICLIGHTMAP_OFF EFFECT_BUMP ok=1
Cmd: compileSnippet
  api=4 type=0 insize=116005 outsize=10017 kw=DIRECTIONAL SHADOWS_OFF LIGHTMAP_OFF DIRLIGHTMAP_OFF DYNAMICLIGHTMAP_OFF VERTEXLIGHT_ON EFFECT_BUMP ok=1
Cmd: compileSnippet
  api=1 type=0 insize=116005 outsize=2720 kw=DIRECTIONAL SHADOWS_OFF LIGHTMAP_OFF DIRLIGHTMAP_OFF DYNAMICLIGHTMAP_OFF EFFECT_BUMP EFFECT_HUE_VARIATION ok=1
Cmd: compileSnippet
  api=0 type=0 insize=116005 outsize=8259 kw=DIRECTIONAL SHADOWS_OFF LIGHTMAP_OFF DIRLIGHTMAP_OFF DYNAMICLIGHTMAP_OFF VERTEXLIGHT_ON EFFECT_BUMP EFFECT_HUE_VARIATION ok=1
Cmd: compileSnippet
  api=0 type=0 insize=116005 outsize=8370 kw=DIRECTIONAL SHADOWS_SCREEN LIGHTMAP_OFF DIRLIGHTMAP_OFF DYNAMICLIGHTMAP_OFF VERTEXLIGHT_ON BILLBOARD_FACE_CAMERA_POS ok=1
Cmd: compileSnippet
  api=4 type=0 insize=116005 outsize=11487 kw=DIRECTIONAL SHADOWS_SCREEN LIGHTMAP_OFF DIRLIGHTMAP_OFF DYNAMICLIGHTMAP_OFF VERTEXLIGHT_ON EFFECT_HUE_VARIATION BILLBOARD_FACE_CAMERA_POS ok=1
Cmd: compileSnippet
  api=4 type=0 insize=116005 outsize=10837 kw=DIRECTIONAL SHADOWS_SCREEN LIGHTMAP_OFF DIRLIGHTMAP_OFF DYNAMICLIGHTMAP_OFF EFFECT_BUMP BILLBOARD_FACE_CAMERA_POS ok=1
Cmd: compileSnippet
  api=1 type=0 insize=116005 outsize=4176 kw=DIRECTIONAL SHADOWS_SCREEN LIGHTMAP_OFF DIRLIGHTMAP_OFF DYNAMICLIGHTMAP_OFF VERTEXLIGHT_ON EFFECT_BUMP BILLBOARD_FACE_CAMERA_POS ok=1
Cmd: compileSnippet
  api=1 type=0 insize=116005 outsize=3711 kw=DIRECTIONAL SHADOWS_SCREEN LIGHTMAP_OFF DIRLIGHTMAP_OFF DYNAMICLIGHTMAP_OFF EFFECT_BUMP EFFECT_HUE_VARIATION BILLBOARD_FACE_CAMERA_POS ok=1
Cmd: compileSnippet
  api=4 type=0 insize=116005 outsize=12015 kw=DIRECTIONAL SHADOWS_OFF LIGHTMAP_OFF DIRLIGHTMAP_OFF DYNAMICLIGHTMAP_OFF VERTEXLIGHT_ON EFFECT_BUMP EFFECT_HUE_VARIATION BILLBOARD_FACE_CAMERA_POS ok=1
Cmd: compileSnippet
  api=1 type=0 insize=116005 outsize=2504 kw=DIRECTIONAL SHADOWS_OFF LIGHTMAP_OFF DIRLIGHTMAP_OFF DYNAMICLIGHTMAP_OFF LOD_FADE_CROSSFADE ok=1
Cmd: compileSnippet
  api=1 type=0 insize=116005 outsize=2545 kw=DIRECTIONAL SHADOWS_SCREEN LIGHTMAP_OFF DIRLIGHTMAP_OFF DYNAMICLIGHTMAP_OFF LOD_FADE_CROSSFADE ok=1
Cmd: compileSnippet
  api=4 type=0 insize=116005 outsize=9813 kw=DIRECTIONAL SHADOWS_OFF LIGHTMAP_OFF DIRLIGHTMAP_OFF DYNAMICLIGHTMAP_OFF VERTEXLIGHT_ON LOD_FADE_CROSSFADE ok=1
Cmd: compileSnippet
  api=1 type=0 insize=116005 outsize=2588 kw=DIRECTIONAL SHADOWS_OFF LIGHTMAP_OFF DIRLIGHTMAP_OFF DYNAMICLIGHTMAP_OFF LOD_FADE_CROSSFADE EFFECT_HUE_VARIATION ok=1
Cmd: compileSnippet
  api=4 type=0 insize=116005 outsize=8887 kw=DIRECTIONAL SHADOWS_SCREEN LIGHTMAP_OFF DIRLIGHTMAP_OFF DYNAMICLIGHTMAP_OFF LOD_FADE_CROSSFADE EFFECT_HUE_VARIATION ok=1
Cmd: compileSnippet
  api=1 type=0 insize=116005 outsize=3139 kw=DIRECTIONAL SHADOWS_SCREEN LIGHTMAP_OFF DIRLIGHTMAP_OFF DYNAMICLIGHTMAP_OFF VERTEXLIGHT_ON LOD_FADE_CROSSFADE EFFECT_HUE_VARIATION ok=1
Cmd: compileSnippet
  api=4 type=0 insize=116005 outsize=9448 kw=DIRECTIONAL SHADOWS_OFF LIGHTMAP_OFF DIRLIGHTMAP_OFF DYNAMICLIGHTMAP_OFF LOD_FADE_CROSSFADE EFFECT_BUMP ok=1
Cmd: compileSnippet
  api=1 type=0 insize=116005 outsize=3384 kw=DIRECTIONAL SHADOWS_OFF LIGHTMAP_OFF DIRLIGHTMAP_OFF DYNAMICLIGHTMAP_OFF VERTEXLIGHT_ON LOD_FADE_CROSSFADE EFFECT_BUMP ok=1
Cmd: compileSnippet
  api=0 type=0 insize=116005 outsize=8263 kw=DIRECTIONAL SHADOWS_OFF LIGHTMAP_OFF DIRLIGHTMAP_OFF DYNAMICLIGHTMAP_OFF LOD_FADE_CROSSFADE EFFECT_BUMP EFFECT_HUE_VARIATION ok=1
Cmd: compileSnippet
  api=0 type=0 insize=116005 outsize=8291 kw=DIRECTIONAL SHADOWS_SCREEN LIGHTMAP_OFF DIRLIGHTMAP_OFF DYNAMICLIGHTMAP_OFF LOD_FADE_CROSSFADE BILLBOARD_FACE_CAMERA_POS ok=1
Cmd: compileSnippet
  api=1 type=0 insize=116005 outsize=3490 kw=DIRECTIONAL SHADOWS_SCREEN LIGHTMAP_OFF DIRLIGHTMAP_OFF DYNAMICLIGHTMAP_OFF LOD_FADE_CROSSFADE EFFECT_HUE_VARIATION BILLBOARD_FACE_CAMERA_POS ok=1
Cmd: compileSnippet
  api=0 type=0 insize=116005 outsize=9753 kw=DIRECTIONAL SHADOWS_SCREEN LIGHTMAP_OFF DIRLIGHTMAP_OFF DYNAMICLIGHTMAP_OFF VERTEXLIGHT_ON LOD_FADE_CROSSFADE EFFECT_HUE_VARIATION BILLBOARD_FACE_CAMERA_POS ok=1
Cmd: compileSnippet
  api=4 type=0 insize=116005 outsize=12998 kw=DIRECTIONAL SHADOWS_SCREEN LIGHTMAP_OFF DIRLIGHTMAP_OFF DYNAMICLIGHTMAP_OFF VERTEXLIGHT_ON LOD_FADE_CROSSFADE EFFECT_BUMP BILLBOARD_FACE_CAMERA_POS ok=1
Cmd: compileSnippet
  api=4 type=0 insize=116005 outsize=11763 kw=DIRECTIONAL SHADOWS_SCREEN LIGHTMAP_OFF DIRLIGHTMAP_OFF DYNAMICLIGHTMAP_OFF LOD_FADE_CROSSFADE EFFECT_BUMP EFFECT_HUE_VARIATION BILLBOARD_FACE_CAMERA_POS ok=1
Cmd: compileSnippet
  api=1 type=0 insize=116005 outsize=4321 kw=DIRECTIONAL SHADOWS_SCREEN LIGHTMAP_OFF DIRLIGHTMAP_OFF DYNAMICLIGHTMAP_OFF VERTEXLIGHT_ON LOD_FADE_CROSSFADE EFFECT_BUMP EFFECT_HUE_VARIATION BILLBOARD_FACE_CAMERA_POS ok=1
Cmd: compileSnippet
  api=0 type=1 insize=116005 outsize=6 kw=DIRECTIONAL SHADOWS_SCREEN LIGHTMAP_OFF DIRLIGHTMAP_OFF DYNAMICLIGHTMAP_OFF ok=1
Cmd: compileSnippet
  api=0 type=1 insize=116005 outsize=6 kw=DIRECTIONAL SHADOWS_SCREEN LIGHTMAP_OFF DIRLIGHTMAP_OFF DYNAMICLIGHTMAP_OFF EFFECT_HUE_VARIATION ok=1
Cmd: compileSnippet
  api=1 type=1 insize=116005 outsize=779 kw=DIRECTIONAL SHADOWS_SCREEN LIGHTMAP_OFF DIRLIGHTMAP_OFF DYNAMICLIGHTMAP_OFF EFFECT_HUE_VARIATION ok=1
Cmd: compileSnippet
  api=1 type=1 insize=116005 outsize=955 kw=DIRECTIONAL SHADOWS_OFF LIGHTMAP_OFF DIRLIGHTMAP_OFF DYNAMICLIGHTMAP_OFF EFFECT_BUMP EFFECT_HUE_VARIATION ok=1
Cmd: compileSnippet
  api=1 type=1 insize=116005 outsize=713 kw=DIRECTIONAL SHADOWS_OFF LIGHTMAP_OFF DIRLIGHTMAP_OFF DYNAMICLIGHTMAP_OFF EFFECT_HUE_VARIATION BILLBOARD_FACE_CAMERA_POS ok=1
Cmd: compileSnippet
  api=4 type=1 insize=116005 outsize=2891 kw=DIRECTIONAL SHADOWS_SCREEN LIGHTMAP_OFF DIRLIGHTMAP_OFF DYNAMICLIGHTMAP_OFF EFFECT_BUMP BILLBOARD_FACE_CAMERA_POS ok=1
Cmd: compileSnippet
  api=0 type=1 insize=116005 outsize=6 kw=DIRECTIONAL SHADOWS_OFF LIGHTMAP_OFF DIRLIGHTMAP_OFF DYNAMICLIGHTMAP_OFF LOD_FADE_CROSSFADE EFFECT_HUE_VARIATION ok=1
Cmd: compileSnippet
  api=0 type=1 insize=116005 outsize=6 kw=DIRECTIONAL SHADOWS_SCREEN LIGHTMAP_OFF DIRLIGHTMAP_OFF DYNAMICLIGHTMAP_OFF LOD_FADE_CROSSFADE EFFECT_HUE_VARIATION ok=1
Cmd: compileSnippet
  api=1 type=1 insize=116005 outsize=939 kw=DIRECTIONAL SHADOWS_OFF LIGHTMAP_OFF DIRLIGHTMAP_OFF DYNAMICLIGHTMAP_OFF LOD_FADE_CROSSFADE EFFECT_BUMP ok=1
Cmd: compileSnippet
  api=4 type=1 insize=116005 outsize=4004 kw=DIRECTIONAL SHADOWS_SCREEN LIGHTMAP_OFF DIRLIGHTMAP_OFF DYNAMICLIGHTMAP_OFF LOD_FADE_CROSSFADE EFFECT_BUMP EFFECT_HUE_VARIATION ok=1
Cmd: compileSnippet
  api=4 type=1 insize=116005 outsize=3305 kw=DIRECTIONAL SHADOWS_SCREEN LIGHTMAP_OFF DIRLIGHTMAP_OFF DYNAMICLIGHTMAP_OFF LOD_FADE_CROSSFADE EFFECT_HUE_VARIATION BILLBOARD_FACE_CAMERA_POS ok=1
Cmd: compileSnippet
  api=0 type=1 insize=116005 outsize=6 kw=DIRECTIONAL SHADOWS_SCREEN LIGHTMAP_OFF DIRLIGHTMAP_OFF DYNAMICLIGHTMAP_OFF LOD_FADE_CROSSFADE EFFECT_BUMP EFFECT_HUE_VARIATION BILLBOARD_FACE_CAMERA_POS ok=1
Cmd: compileSnippet
  api=0 type=0 insize=73109 outsize=4671 kw=DIRECTIONAL ok=1
Cmd: compileSnippet
  api=0 type=0 insize=73109 outsize=5164 kw=DIRECTIONAL EFFECT_HUE_VARIATION ok=1
Cmd: compileSnippet
  api=4 type=0 insize=73109 outsize=7977 kw=DIRECTIONAL EFFECT_BUMP ok=1
Cmd: compileSnippet
  api=0 type=0 insize=73109 outsize=6287 kw=POINT_COOKIE EFFECT_BUMP ok=1
Cmd: compileSnippet
  api=1 type=0 insize=73109 outsize=2594 kw=POINT_COOKIE EFFECT_BUMP EFFECT_HUE_VARIATION ok=1
Cmd: compileSnippet
  api=1 type=0 insize=73109 outsize=2594 kw=DIRECTIONAL_COOKIE EFFECT_BUMP EFFECT_HUE_VARIATION ok=1
Cmd: compileSnippet
  api=4 type=0 insize=73109 outsize=8822 kw=POINT BILLBOARD_FACE_CAMERA_POS ok=1
Cmd: compileSnippet
  api=1 type=0 insize=73109 outsize=2999 kw=SPOT BILLBOARD_FACE_CAMERA_POS ok=1
Cmd: compileSnippet
  api=4 type=0 insize=73109 outsize=8822 kw=POINT_COOKIE BILLBOARD_FACE_CAMERA_POS ok=1
Cmd: compileSnippet
  api=1 type=0 insize=73109 outsize=3101 kw=POINT EFFECT_HUE_VARIATION BILLBOARD_FACE_CAMERA_POS ok=1
Cmd: compileSnippet
  api=4 type=0 insize=73109 outsize=9001 kw=DIRECTIONAL EFFECT_HUE_VARIATION BILLBOARD_FACE_CAMERA_POS ok=1
Cmd: compileSnippet
  api=1 type=0 insize=73109 outsize=3101 kw=POINT_COOKIE EFFECT_HUE_VARIATION BILLBOARD_FACE_CAMERA_POS ok=1
Cmd: compileSnippet
  api=4 type=0 insize=73109 outsize=9001 kw=DIRECTIONAL_COOKIE EFFECT_HUE_VARIATION BILLBOARD_FACE_CAMERA_POS ok=1
Cmd: compileSnippet
  api=1 type=0 insize=73109 outsize=3370 kw=DIRECTIONAL EFFECT_BUMP BILLBOARD_FACE_CAMERA_POS ok=1
Cmd: compileSnippet
  api=0 type=0 insize=73109 outsize=7618 kw=POINT_COOKIE EFFECT_BUMP BILLBOARD_FACE_CAMERA_POS ok=1
Cmd: compileSnippet
  api=0 type=0 insize=73109 outsize=8120 kw=POINT_COOKIE EFFECT_BUMP EFFECT_HUE_VARIATION BILLBOARD_FACE_CAMERA_POS ok=1
Cmd: compileSnippet
  api=0 type=0 insize=73109 outsize=5996 kw=POINT_COOKIE LOD_FADE_CROSSFADE ok=1
Cmd: compileSnippet
  api=4 type=0 insize=73109 outsize=7920 kw=SPOT LOD_FADE_CROSSFADE EFFECT_HUE_VARIATION ok=1
Cmd: compileSnippet
  api=1 type=0 insize=73109 outsize=2436 kw=DIRECTIONAL_COOKIE LOD_FADE_CROSSFADE EFFECT_HUE_VARIATION ok=1
Cmd: compileSnippet
  api=4 type=0 insize=73109 outsize=8822 kw=POINT LOD_FADE_CROSSFADE EFFECT_BUMP ok=1
Cmd: compileSnippet
  api=1 type=0 insize=73109 outsize=2718 kw=SPOT LOD_FADE_CROSSFADE EFFECT_BUMP ok=1
Cmd: compileSnippet
  api=0 type=0 insize=73109 outsize=7014 kw=DIRECTIONAL_COOKIE LOD_FADE_CROSSFADE EFFECT_BUMP ok=1
Cmd: compileSnippet
  api=4 type=0 insize=73109 outsize=9001 kw=POINT_COOKIE LOD_FADE_CROSSFADE EFFECT_BUMP EFFECT_HUE_VARIATION ok=1
Cmd: compileSnippet
  api=1 type=0 insize=73109 outsize=3195 kw=POINT LOD_FADE_CROSSFADE BILLBOARD_FACE_CAMERA_POS ok=1
Cmd: compileSnippet
  api=4 type=0 insize=73109 outsize=9635 kw=DIRECTIONAL LOD_FADE_CROSSFADE BILLBOARD_FACE_CAMERA_POS ok=1
Cmd: compileSnippet
  api=1 type=0 insize=73109 outsize=3195 kw=POINT_COOKIE LOD_FADE_CROSSFADE BILLBOARD_FACE_CAMERA_POS ok=1
Cmd: compileSnippet
  api=0 type=0 insize=73109 outsize=7749 kw=POINT LOD_FADE_CROSSFADE EFFECT_HUE_VARIATION BILLBOARD_FACE_CAMERA_POS ok=1
Cmd: compileSnippet
  api=4 type=0 insize=73109 outsize=9813 kw=DIRECTIONAL_COOKIE LOD_FADE_CROSSFADE EFFECT_HUE_VARIATION BILLBOARD_FACE_CAMERA_POS ok=1
Cmd: compileSnippet
  api=1 type=0 insize=73109 outsize=3576 kw=DIRECTIONAL LOD_FADE_CROSSFADE EFFECT_BUMP BILLBOARD_FACE_CAMERA_POS ok=1
Cmd: compileSnippet
  api=0 type=0 insize=73109 outsize=8529 kw=POINT_COOKIE LOD_FADE_CROSSFADE EFFECT_BUMP BILLBOARD_FACE_CAMERA_POS ok=1
Cmd: compileSnippet
  api=4 type=0 insize=73109 outsize=10788 kw=SPOT LOD_FADE_CROSSFADE EFFECT_BUMP EFFECT_HUE_VARIATION BILLBOARD_FACE_CAMERA_POS ok=1
Cmd: compileSnippet
  api=1 type=0 insize=73109 outsize=3633 kw=DIRECTIONAL_COOKIE LOD_FADE_CROSSFADE EFFECT_BUMP EFFECT_HUE_VARIATION BILLBOARD_FACE_CAMERA_POS ok=1
Cmd: compileSnippet
  api=4 type=1 insize=73109 outsize=1396 kw=DIRECTIONAL ok=1
Cmd: compileSnippet
  api=1 type=1 insize=73109 outsize=457 kw=DIRECTIONAL_COOKIE ok=1
Cmd: compileSnippet
  api=0 type=1 insize=73109 outsize=6 kw=POINT_COOKIE EFFECT_HUE_VARIATION ok=1
Cmd: compileSnippet
  api=0 type=1 insize=73109 outsize=6 kw=DIRECTIONAL_COOKIE EFFECT_HUE_VARIATION ok=1
Cmd: compileSnippet
  api=4 type=1 insize=73109 outsize=2460 kw=DIRECTIONAL_COOKIE EFFECT_HUE_VARIATION ok=1
Cmd: compileSnippet
  api=1 type=1 insize=73109 outsize=848 kw=POINT_COOKIE EFFECT_BUMP ok=1
Cmd: compileSnippet
  api=0 type=1 insize=73109 outsize=6 kw=SPOT EFFECT_BUMP EFFECT_HUE_VARIATION ok=1
Cmd: compileSnippet
  api=0 type=1 insize=73109 outsize=6 kw=POINT_COOKIE EFFECT_BUMP EFFECT_HUE_VARIATION ok=1
Cmd: compileSnippet
  api=4 type=1 insize=73109 outsize=3712 kw=POINT_COOKIE EFFECT_BUMP EFFECT_HUE_VARIATION ok=1
Cmd: compileSnippet
  api=1 type=1 insize=73109 outsize=673 kw=SPOT BILLBOARD_FACE_CAMERA_POS ok=1
Cmd: compileSnippet
  api=0 type=1 insize=73109 outsize=6 kw=DIRECTIONAL EFFECT_HUE_VARIATION BILLBOARD_FACE_CAMERA_POS ok=1
Cmd: compileSnippet
  api=0 type=1 insize=73109 outsize=6 kw=SPOT EFFECT_HUE_VARIATION BILLBOARD_FACE_CAMERA_POS ok=1
Cmd: compileSnippet
  api=0 type=1 insize=73109 outsize=6 kw=POINT_COOKIE EFFECT_HUE_VARIATION BILLBOARD_FACE_CAMERA_POS ok=1
Cmd: compileSnippet
  api=0 type=1 insize=73109 outsize=6 kw=DIRECTIONAL_COOKIE EFFECT_HUE_VARIATION BILLBOARD_FACE_CAMERA_POS ok=1
Cmd: compileSnippet
  api=1 type=1 insize=73109 outsize=681 kw=DIRECTIONAL_COOKIE EFFECT_HUE_VARIATION BILLBOARD_FACE_CAMERA_POS ok=1
Cmd: compileSnippet
  api=4 type=1 insize=73109 outsize=3460 kw=SPOT EFFECT_BUMP BILLBOARD_FACE_CAMERA_POS ok=1
Cmd: compileSnippet
  api=1 type=1 insize=73109 outsize=813 kw=DIRECTIONAL EFFECT_BUMP EFFECT_HUE_VARIATION BILLBOARD_FACE_CAMERA_POS ok=1
Cmd: compileSnippet
  api=1 type=1 insize=73109 outsize=726 kw=POINT LOD_FADE_CROSSFADE ok=1
Cmd: compileSnippet
  api=0 type=1 insize=73109 outsize=6 kw=DIRECTIONAL_COOKIE LOD_FADE_CROSSFADE ok=1
Cmd: compileSnippet
  api=4 type=1 insize=73109 outsize=2452 kw=DIRECTIONAL_COOKIE LOD_FADE_CROSSFADE ok=1
Cmd: compileSnippet
  api=1 type=1 insize=73109 outsize=1023 kw=POINT_COOKIE LOD_FADE_CROSSFADE EFFECT_HUE_VARIATION ok=1
Cmd: compileSnippet
  api=1 type=1 insize=73109 outsize=797 kw=DIRECTIONAL LOD_FADE_CROSSFADE EFFECT_BUMP ok=1
Cmd: compileSnippet
  api=0 type=1 insize=73109 outsize=6 kw=POINT LOD_FADE_CROSSFADE EFFECT_BUMP EFFECT_HUE_VARIATION ok=1
Cmd: compileSnippet
  api=4 type=1 insize=73109 outsize=4077 kw=POINT LOD_FADE_CROSSFADE EFFECT_BUMP EFFECT_HUE_VARIATION ok=1
Cmd: compileSnippet
  api=1 type=1 insize=73109 outsize=1162 kw=DIRECTIONAL_COOKIE LOD_FADE_CROSSFADE EFFECT_BUMP EFFECT_HUE_VARIATION ok=1
Cmd: compileSnippet
  api=1 type=1 insize=73109 outsize=867 kw=SPOT LOD_FADE_CROSSFADE BILLBOARD_FACE_CAMERA_POS ok=1
Cmd: compileSnippet
  api=0 type=1 insize=73109 outsize=6 kw=DIRECTIONAL LOD_FADE_CROSSFADE EFFECT_HUE_VARIATION BILLBOARD_FACE_CAMERA_POS ok=1
Cmd: compileSnippet
  api=0 type=1 insize=73109 outsize=6 kw=SPOT LOD_FADE_CROSSFADE EFFECT_HUE_VARIATION BILLBOARD_FACE_CAMERA_POS ok=1
Cmd: compileSnippet
  api=0 type=1 insize=73109 outsize=6 kw=POINT_COOKIE LOD_FADE_CROSSFADE EFFECT_HUE_VARIATION BILLBOARD_FACE_CAMERA_POS ok=1
Cmd: compileSnippet
  api=4 type=1 insize=73109 outsize=3476 kw=POINT_COOKIE LOD_FADE_CROSSFADE EFFECT_HUE_VARIATION BILLBOARD_FACE_CAMERA_POS ok=1
Cmd: compileSnippet
  api=1 type=1 insize=73109 outsize=1161 kw=SPOT LOD_FADE_CROSSFADE EFFECT_BUMP BILLBOARD_FACE_CAMERA_POS ok=1
Cmd: compileSnippet
  api=0 type=1 insize=73109 outsize=6 kw=DIRECTIONAL LOD_FADE_CROSSFADE EFFECT_BUMP EFFECT_HUE_VARIATION BILLBOARD_FACE_CAMERA_POS ok=1
Cmd: compileSnippet
  api=4 type=1 insize=73109 outsize=3297 kw=DIRECTIONAL LOD_FADE_CROSSFADE EFFECT_BUMP EFFECT_HUE_VARIATION BILLBOARD_FACE_CAMERA_POS ok=1
Cmd: compileSnippet
  api=4 type=0 insize=63230 outsize=6897 kw= ok=1
Cmd: compileSnippet
  api=4 type=0 insize=63230 outsize=8205 kw=EFFECT_BUMP EFFECT_HUE_VARIATION ok=1
Cmd: compileSnippet
  api=0 type=0 insize=63230 outsize=5828 kw=EFFECT_HUE_VARIATION BILLBOARD_FACE_CAMERA_POS ok=1
Cmd: compileSnippet
  api=1 type=0 insize=63230 outsize=2685 kw=LOD_FADE_CROSSFADE EFFECT_BUMP ok=1
Cmd: compileSnippet
  api=4 type=0 insize=63230 outsize=9050 kw=LOD_FADE_CROSSFADE EFFECT_BUMP EFFECT_HUE_VARIATION ok=1
Cmd: compileSnippet
  api=1 type=0 insize=63230 outsize=3292 kw=LOD_FADE_CROSSFADE EFFECT_HUE_VARIATION BILLBOARD_FACE_CAMERA_POS ok=1
Cmd: compileSnippet
  api=4 type=0 insize=63230 outsize=10658 kw=LOD_FADE_CROSSFADE EFFECT_BUMP BILLBOARD_FACE_CAMERA_POS ok=1
Cmd: compileSnippet
  api=1 type=1 insize=63230 outsize=210 kw= ok=1
Cmd: compileSnippet
  api=0 type=1 insize=63230 outsize=6 kw=BILLBOARD_FACE_CAMERA_POS ok=1
Cmd: compileSnippet
  api=4 type=1 insize=63230 outsize=1168 kw=EFFECT_HUE_VARIATION BILLBOARD_FACE_CAMERA_POS ok=1
Cmd: compileSnippet
  api=1 type=1 insize=63230 outsize=405 kw=LOD_FADE_CROSSFADE EFFECT_HUE_VARIATION ok=1
Cmd: compileSnippet
  api=1 type=1 insize=63230 outsize=405 kw=LOD_FADE_CROSSFADE BILLBOARD_FACE_CAMERA_POS ok=1
Cmd: compileSnippet
  api=1 type=1 insize=63230 outsize=683 kw=LOD_FADE_CROSSFADE EFFECT_BUMP EFFECT_HUE_VARIATION BILLBOARD_FACE_CAMERA_POS ok=1
Cmd: compileSnippet
  api=1 type=0 insize=100459 outsize=2530 kw=LIGHTMAP_OFF DIRLIGHTMAP_OFF DYNAMICLIGHTMAP_OFF UNITY_HDR_ON ok=1
Cmd: compileSnippet
  api=4 type=0 insize=100459 outsize=8457 kw=LIGHTMAP_OFF DIRLIGHTMAP_OFF DYNAMICLIGHTMAP_OFF EFFECT_HUE_VARIATION HDR_LIGHT_PREPASS_OFF ok=1
Cmd: compileSnippet
  api=4 type=0 insize=100459 outsize=8278 kw=LIGHTMAP_OFF DIRLIGHTMAP_OFF DYNAMICLIGHTMAP_OFF EFFECT_BUMP HDR_LIGHT_PREPASS_OFF ok=1
Cmd: compileSnippet
  api=4 type=0 insize=100459 outsize=8457 kw=LIGHTMAP_OFF DIRLIGHTMAP_OFF DYNAMICLIGHTMAP_OFF EFFECT_BUMP EFFECT_HUE_VARIATION HDR_LIGHT_PREPASS_OFF ok=1
Cmd: compileSnippet
  api=4 type=0 insize=100459 outsize=10171 kw=LIGHTMAP_OFF DIRLIGHTMAP_OFF DYNAMICLIGHTMAP_OFF HDR_LIGHT_PREPASS_OFF BILLBOARD_FACE_CAMERA_POS ok=1
Cmd: compileSnippet
  api=1 type=0 insize=100459 outsize=3486 kw=LIGHTMAP_OFF DIRLIGHTMAP_OFF DYNAMICLIGHTMAP_OFF EFFECT_HUE_VARIATION HDR_LIGHT_PREPASS_OFF BILLBOARD_FACE_CAMERA_POS ok=1
Cmd: compileSnippet
  api=4 type=0 insize=100459 outsize=10350 kw=LIGHTMAP_OFF DIRLIGHTMAP_OFF DYNAMICLIGHTMAP_OFF UNITY_HDR_ON EFFECT_HUE_VARIATION BILLBOARD_FACE_CAMERA_POS ok=1
Cmd: compileSnippet
  api=1 type=0 insize=100459 outsize=3384 kw=LIGHTMAP_OFF DIRLIGHTMAP_OFF DYNAMICLIGHTMAP_OFF UNITY_HDR_ON EFFECT_BUMP BILLBOARD_FACE_CAMERA_POS ok=1
Cmd: compileSnippet
  api=0 type=0 insize=100459 outsize=7769 kw=LIGHTMAP_OFF DIRLIGHTMAP_OFF DYNAMICLIGHTMAP_OFF UNITY_HDR_ON EFFECT_BUMP EFFECT_HUE_VARIATION BILLBOARD_FACE_CAMERA_POS ok=1
Cmd: compileSnippet
  api=4 type=0 insize=100459 outsize=9204 kw=LIGHTMAP_OFF DIRLIGHTMAP_OFF DYNAMICLIGHTMAP_OFF UNITY_HDR_ON LOD_FADE_CROSSFADE EFFECT_HUE_VARIATION ok=1
Cmd: compileSnippet
  api=4 type=0 insize=100459 outsize=9025 kw=LIGHTMAP_OFF DIRLIGHTMAP_OFF DYNAMICLIGHTMAP_OFF UNITY_HDR_ON LOD_FADE_CROSSFADE EFFECT_BUMP ok=1
Cmd: compileSnippet
  api=1 type=0 insize=100459 outsize=2714 kw=LIGHTMAP_OFF DIRLIGHTMAP_OFF DYNAMICLIGHTMAP_OFF UNITY_HDR_ON LOD_FADE_CROSSFADE EFFECT_BUMP EFFECT_HUE_VARIATION ok=1
Cmd: compileSnippet
  api=0 type=0 insize=100459 outsize=8147 kw=LIGHTMAP_OFF DIRLIGHTMAP_OFF DYNAMICLIGHTMAP_OFF UNITY_HDR_ON LOD_FADE_CROSSFADE BILLBOARD_FACE_CAMERA_POS ok=1
Cmd: compileSnippet
  api=1 type=0 insize=100459 outsize=3472 kw=LIGHTMAP_OFF DIRLIGHTMAP_OFF DYNAMICLIGHTMAP_OFF UNITY_HDR_ON LOD_FADE_CROSSFADE EFFECT_BUMP BILLBOARD_FACE_CAMERA_POS ok=1
Cmd: compileSnippet
  api=0 type=0 insize=100459 outsize=8653 kw=LIGHTMAP_OFF DIRLIGHTMAP_OFF DYNAMICLIGHTMAP_OFF UNITY_HDR_ON LOD_FADE_CROSSFADE EFFECT_BUMP EFFECT_HUE_VARIATION BILLBOARD_FACE_CAMERA_POS ok=1
Cmd: compileSnippet
  api=1 type=1 insize=100459 outsize=593 kw=LIGHTMAP_OFF DIRLIGHTMAP_OFF DYNAMICLIGHTMAP_OFF EFFECT_HUE_VARIATION HDR_LIGHT_PREPASS_OFF ok=1
Cmd: compileSnippet
  api=4 type=1 insize=100459 outsize=1591 kw=LIGHTMAP_OFF DIRLIGHTMAP_OFF DYNAMICLIGHTMAP_OFF EFFECT_BUMP HDR_LIGHT_PREPASS_OFF ok=1
Cmd: compileSnippet
  api=0 type=1 insize=100459 outsize=6 kw=LIGHTMAP_OFF DIRLIGHTMAP_OFF DYNAMICLIGHTMAP_OFF HDR_LIGHT_PREPASS_OFF BILLBOARD_FACE_CAMERA_POS ok=1
Cmd: compileSnippet
  api=1 type=1 insize=100459 outsize=314 kw=LIGHTMAP_OFF DIRLIGHTMAP_OFF DYNAMICLIGHTMAP_OFF UNITY_HDR_ON BILLBOARD_FACE_CAMERA_POS ok=1
Cmd: compileSnippet
  api=4 type=1 insize=100459 outsize=1591 kw=LIGHTMAP_OFF DIRLIGHTMAP_OFF DYNAMICLIGHTMAP_OFF EFFECT_BUMP HDR_LIGHT_PREPASS_OFF BILLBOARD_FACE_CAMERA_POS ok=1
Cmd: compileSnippet
  api=0 type=1 insize=100459 outsize=6 kw=LIGHTMAP_OFF DIRLIGHTMAP_OFF DYNAMICLIGHTMAP_OFF LOD_FADE_CROSSFADE HDR_LIGHT_PREPASS_OFF ok=1
Cmd: compileSnippet
  api=0 type=1 insize=100459 outsize=6 kw=LIGHTMAP_OFF DIRLIGHTMAP_OFF DYNAMICLIGHTMAP_OFF UNITY_HDR_ON LOD_FADE_CROSSFADE ok=1
Cmd: compileSnippet
  api=4 type=1 insize=100459 outsize=2095 kw=LIGHTMAP_OFF DIRLIGHTMAP_OFF DYNAMICLIGHTMAP_OFF UNITY_HDR_ON LOD_FADE_CROSSFADE ok=1
Cmd: compileSnippet
  api=1 type=1 insize=100459 outsize=509 kw=LIGHTMAP_OFF DIRLIGHTMAP_OFF DYNAMICLIGHTMAP_OFF UNITY_HDR_ON LOD_FADE_CROSSFADE EFFECT_BUMP ok=1
Cmd: compileSnippet
  api=4 type=1 insize=100459 outsize=2143 kw=LIGHTMAP_OFF DIRLIGHTMAP_OFF DYNAMICLIGHTMAP_OFF LOD_FADE_CROSSFADE HDR_LIGHT_PREPASS_OFF BILLBOARD_FACE_CAMERA_POS ok=1
Cmd: compileSnippet
  api=4 type=1 insize=100459 outsize=2143 kw=LIGHTMAP_OFF DIRLIGHTMAP_OFF DYNAMICLIGHTMAP_OFF LOD_FADE_CROSSFADE EFFECT_BUMP HDR_LIGHT_PREPASS_OFF BILLBOARD_FACE_CAMERA_POS ok=1
Cmd: compileSnippet
  api=1 type=0 insize=108481 outsize=2327 kw=LIGHTMAP_OFF DIRLIGHTMAP_OFF DYNAMICLIGHTMAP_OFF HDR_LIGHT_PREPASS_OFF ok=1
Cmd: compileSnippet
  api=0 type=0 insize=108481 outsize=6305 kw=LIGHTMAP_OFF DIRLIGHTMAP_OFF DYNAMICLIGHTMAP_OFF UNITY_HDR_ON EFFECT_HUE_VARIATION ok=1
Cmd: compileSnippet
  api=0 type=0 insize=108481 outsize=7249 kw=LIGHTMAP_OFF DIRLIGHTMAP_OFF DYNAMICLIGHTMAP_OFF HDR_LIGHT_PREPASS_OFF BILLBOARD_FACE_CAMERA_POS ok=1
Cmd: compileSnippet
  api=0 type=0 insize=108481 outsize=8373 kw=LIGHTMAP_OFF DIRLIGHTMAP_OFF DYNAMICLIGHTMAP_OFF UNITY_HDR_ON EFFECT_BUMP BILLBOARD_FACE_CAMERA_POS ok=1
Cmd: compileSnippet
  api=0 type=0 insize=108481 outsize=7332 kw=LIGHTMAP_OFF DIRLIGHTMAP_OFF DYNAMICLIGHTMAP_OFF LOD_FADE_CROSSFADE EFFECT_HUE_VARIATION HDR_LIGHT_PREPASS_OFF ok=1
Cmd: compileSnippet
  api=0 type=0 insize=108481 outsize=8467 kw=LIGHTMAP_OFF DIRLIGHTMAP_OFF DYNAMICLIGHTMAP_OFF UNITY_HDR_ON LOD_FADE_CROSSFADE EFFECT_BUMP EFFECT_HUE_VARIATION ok=1
Cmd: compileSnippet
  api=0 type=0 insize=108481 outsize=9402 kw=LIGHTMAP_OFF DIRLIGHTMAP_OFF DYNAMICLIGHTMAP_OFF LOD_FADE_CROSSFADE EFFECT_BUMP HDR_LIGHT_PREPASS_OFF BILLBOARD_FACE_CAMERA_POS ok=1
Cmd: compileSnippet
  api=1 type=1 insize=108481 outsize=543 kw=LIGHTMAP_OFF DIRLIGHTMAP_OFF DYNAMICLIGHTMAP_OFF HDR_LIGHT_PREPASS_OFF ok=1
Cmd: compileSnippet
  api=0 type=1 insize=108481 outsize=6 kw=LIGHTMAP_OFF DIRLIGHTMAP_OFF DYNAMICLIGHTMAP_OFF EFFECT_BUMP HDR_LIGHT_PREPASS_OFF ok=1
Cmd: compileSnippet
  api=4 type=1 insize=108481 outsize=2850 kw=LIGHTMAP_OFF DIRLIGHTMAP_OFF DYNAMICLIGHTMAP_OFF UNITY_HDR_ON EFFECT_BUMP ok=1
Cmd: compileSnippet
  api=1 type=1 insize=108481 outsize=484 kw=LIGHTMAP_OFF DIRLIGHTMAP_OFF DYNAMICLIGHTMAP_OFF UNITY_HDR_ON BILLBOARD_FACE_CAMERA_POS ok=1
Cmd: compileSnippet
  api=1 type=1 insize=108481 outsize=796 kw=LIGHTMAP_OFF DIRLIGHTMAP_OFF DYNAMICLIGHTMAP_OFF EFFECT_BUMP HDR_LIGHT_PREPASS_OFF BILLBOARD_FACE_CAMERA_POS ok=1
Cmd: compileSnippet
  api=4 type=1 insize=108481 outsize=3411 kw=LIGHTMAP_OFF DIRLIGHTMAP_OFF DYNAMICLIGHTMAP_OFF UNITY_HDR_ON EFFECT_BUMP EFFECT_HUE_VARIATION BILLBOARD_FACE_CAMERA_POS ok=1
Cmd: compileSnippet
  api=0 type=1 insize=108481 outsize=6 kw=LIGHTMAP_OFF DIRLIGHTMAP_OFF DYNAMICLIGHTMAP_OFF UNITY_HDR_ON LOD_FADE_CROSSFADE EFFECT_HUE_VARIATION ok=1
Cmd: compileSnippet
  api=0 type=1 insize=108481 outsize=6 kw=LIGHTMAP_OFF DIRLIGHTMAP_OFF DYNAMICLIGHTMAP_OFF LOD_FADE_CROSSFADE EFFECT_BUMP HDR_LIGHT_PREPASS_OFF ok=1
Cmd: compileSnippet
  api=0 type=1 insize=108481 outsize=6 kw=LIGHTMAP_OFF DIRLIGHTMAP_OFF DYNAMICLIGHTMAP_OFF UNITY_HDR_ON LOD_FADE_CROSSFADE EFFECT_BUMP ok=1
Cmd: compileSnippet
  api=0 type=1 insize=108481 outsize=6 kw=LIGHTMAP_OFF DIRLIGHTMAP_OFF DYNAMICLIGHTMAP_OFF LOD_FADE_CROSSFADE EFFECT_BUMP EFFECT_HUE_VARIATION HDR_LIGHT_PREPASS_OFF ok=1
Cmd: compileSnippet
  api=1 type=1 insize=108481 outsize=1175 kw=LIGHTMAP_OFF DIRLIGHTMAP_OFF DYNAMICLIGHTMAP_OFF UNITY_HDR_ON LOD_FADE_CROSSFADE EFFECT_BUMP EFFECT_HUE_VARIATION ok=1
Cmd: compileSnippet
  api=1 type=1 insize=108481 outsize=981 kw=LIGHTMAP_OFF DIRLIGHTMAP_OFF DYNAMICLIGHTMAP_OFF LOD_FADE_CROSSFADE EFFECT_HUE_VARIATION HDR_LIGHT_PREPASS_OFF BILLBOARD_FACE_CAMERA_POS ok=1
Cmd: compileSnippet
  api=4 type=1 insize=108481 outsize=3403 kw=LIGHTMAP_OFF DIRLIGHTMAP_OFF DYNAMICLIGHTMAP_OFF UNITY_HDR_ON LOD_FADE_CROSSFADE EFFECT_BUMP BILLBOARD_FACE_CAMERA_POS ok=1
Cmd: compileSnippet
  api=1 type=0 insize=1172 outsize=3528 kw=EFFECT_HUE_VARIATION ok=1
Cmd: compileSnippet
  api=0 type=0 insize=1172 outsize=8669 kw=EFFECT_HUE_VARIATION BILLBOARD_FACE_CAMERA_POS ok=1
Cmd: compileSnippet
  api=4 type=0 insize=1172 outsize=10886 kw=LOD_FADE_CROSSFADE EFFECT_HUE_VARIATION BILLBOARD_FACE_CAMERA_POS ok=1
Cmd: compileSnippet
  api=4 type=1 insize=1172 outsize=1623 kw=EFFECT_HUE_VARIATION ok=1
Cmd: compileSnippet
  api=4 type=1 insize=1172 outsize=2176 kw=LOD_FADE_CROSSFADE EFFECT_HUE_VARIATION ok=1
Cmd: compileSnippet
  api=1 type=0 insize=13954 outsize=1619 kw=DIRECTIONAL SHADOWS_SCREEN LIGHTMAP_OFF DIRLIGHTMAP_OFF DYNAMICLIGHTMAP_OFF ok=1
Cmd: compileSnippet
  api=4 type=0 insize=13954 outsize=6945 kw=DIRECTIONAL SHADOWS_OFF LIGHTMAP_OFF DIRLIGHTMAP_OFF DYNAMICLIGHTMAP_OFF VERTEXLIGHT_ON ok=1
Cmd: compileSnippet
  api=8 type=0 insize=13954 outsize=9352 kw=DIRECTIONAL SHADOWS_SCREEN SHADOWS_NATIVE LIGHTMAP_OFF DIRLIGHTMAP_OFF DYNAMICLIGHTMAP_OFF ok=1
Cmd: compileSnippet
  api=4 type=0 insize=13954 outsize=6580 kw=DIRECTIONAL SHADOWS_OFF LIGHTMAP_OFF DIRLIGHTMAP_OFF DYNAMICLIGHTMAP_OFF EFFECT_BUMP ok=1
Cmd: compileSnippet
  api=1 type=0 insize=13954 outsize=2344 kw=DIRECTIONAL SHADOWS_OFF LIGHTMAP_OFF DIRLIGHTMAP_OFF DYNAMICLIGHTMAP_OFF VERTEXLIGHT_ON EFFECT_BUMP ok=1
Cmd: compileSnippet
  api=4 type=0 insize=13954 outsize=8440 kw=DIRECTIONAL SHADOWS_SCREEN LIGHTMAP_OFF DIRLIGHTMAP_OFF DYNAMICLIGHTMAP_OFF VERTEXLIGHT_ON EFFECT_BUMP ok=1
Cmd: compileSnippet
  api=1 type=1 insize=13954 outsize=338 kw=DIRECTIONAL SHADOWS_OFF LIGHTMAP_OFF DIRLIGHTMAP_OFF DYNAMICLIGHTMAP_OFF ok=1
Cmd: compileSnippet
  api=0 type=1 insize=13954 outsize=6 kw=DIRECTIONAL SHADOWS_SCREEN LIGHTMAP_OFF DIRLIGHTMAP_OFF DYNAMICLIGHTMAP_OFF EFFECT_BUMP ok=1
Cmd: compileSnippet
  api=1 type=1 insize=13954 outsize=682 kw=DIRECTIONAL SHADOWS_SCREEN LIGHTMAP_OFF DIRLIGHTMAP_OFF DYNAMICLIGHTMAP_OFF EFFECT_BUMP ok=1
Cmd: compileSnippet
  api=8 type=0 insize=8639 outsize=6980 kw=POINT ok=1
Cmd: compileSnippet
  api=0 type=0 insize=8639 outsize=3624 kw=POINT_COOKIE ok=1
Cmd: compileSnippet
  api=0 type=0 insize=8639 outsize=4882 kw=SPOT EFFECT_BUMP ok=1
Cmd: compileSnippet
  api=8 type=1 insize=8639 outsize=3210 kw=POINT ok=1
Cmd: compileSnippet
  api=8 type=1 insize=8639 outsize=2844 kw=DIRECTIONAL_COOKIE ok=1
Cmd: compileSnippet
  api=8 type=1 insize=8639 outsize=3275 kw=DIRECTIONAL EFFECT_BUMP ok=1
Cmd: compileSnippet
  api=0 type=0 insize=7335 outsize=2890 kw= ok=1
Cmd: compileSnippet
  api=4 type=1 insize=7335 outsize=1908 kw=EFFECT_BUMP ok=1
Cmd: compileSnippet
  api=0 type=0 insize=12062 outsize=4476 kw=LIGHTMAP_OFF DIRLIGHTMAP_OFF DYNAMICLIGHTMAP_OFF UNITY_HDR_ON ok=1
Cmd: compileSnippet
  api=4 type=1 insize=12062 outsize=1591 kw=LIGHTMAP_OFF DIRLIGHTMAP_OFF DYNAMICLIGHTMAP_OFF HDR_LIGHT_PREPASS_OFF ok=1
Cmd: compileSnippet
  api=0 type=0 insize=13071 outsize=4398 kw=LIGHTMAP_OFF DIRLIGHTMAP_OFF DYNAMICLIGHTMAP_OFF HDR_LIGHT_PREPASS_OFF ok=1
Cmd: compileSnippet
  api=4 type=1 insize=13071 outsize=1827 kw=LIGHTMAP_OFF DIRLIGHTMAP_OFF DYNAMICLIGHTMAP_OFF UNITY_HDR_ON ok=1
Cmd: compileSnippet
  api=8 type=1 insize=13071 outsize=3770 kw=LIGHTMAP_OFF DIRLIGHTMAP_OFF DYNAMICLIGHTMAP_OFF UNITY_HDR_ON EFFECT_BUMP ok=1
Cmd: compileSnippet
  api=8 type=1 insize=977 outsize=1520 kw= ok=1
Cmd: compileSnippet
  api=0 type=0 insize=541 outsize=474 kw=SHADOWS_CUBE ok=1
Cmd: compileSnippet
  api=4 type=1 insize=541 outsize=681 kw=SHADOWS_CUBE ok=1
Cmd: compileSnippet
  api=4 type=0 insize=6810 outsize=3021 kw=DIRECTIONAL SHADOWS_OFF LIGHTMAP_OFF DIRLIGHTMAP_OFF DYNAMICLIGHTMAP_ON ok=1
Cmd: compileSnippet
  api=4 type=0 insize=6810 outsize=3411 kw=DIRECTIONAL SHADOWS_SCREEN LIGHTMAP_OFF DIRLIGHTMAP_OFF DYNAMICLIGHTMAP_ON ok=1
Cmd: compileSnippet
  api=4 type=0 insize=6810 outsize=5101 kw=DIRECTIONAL SHADOWS_OFF LIGHTMAP_OFF DIRLIGHTMAP_OFF DYNAMICLIGHTMAP_OFF VERTEXLIGHT_ON ok=1
Cmd: compileSnippet
  api=1 type=0 insize=6810 outsize=508 kw=DIRECTIONAL SHADOWS_OFF LIGHTMAP_OFF DIRLIGHTMAP_OFF DYNAMICLIGHTMAP_ON VERTEXLIGHT_ON ok=1
Cmd: compileSnippet
  api=4 type=0 insize=6810 outsize=3021 kw=DIRECTIONAL SHADOWS_OFF LIGHTMAP_OFF DIRLIGHTMAP_OFF DYNAMICLIGHTMAP_ON VERTEXLIGHT_ON ok=1
Cmd: compileSnippet
  api=1 type=0 insize=6810 outsize=1215 kw=DIRECTIONAL SHADOWS_SCREEN LIGHTMAP_OFF DIRLIGHTMAP_OFF DYNAMICLIGHTMAP_OFF VERTEXLIGHT_ON ok=1
Cmd: compileSnippet
  api=1 type=0 insize=6810 outsize=657 kw=DIRECTIONAL SHADOWS_SCREEN LIGHTMAP_OFF DIRLIGHTMAP_OFF DYNAMICLIGHTMAP_ON VERTEXLIGHT_ON ok=1
Cmd: compileSnippet
  api=8 type=0 insize=6810 outsize=6273 kw=DIRECTIONAL SHADOWS_SCREEN SHADOWS_NATIVE LIGHTMAP_OFF DIRLIGHTMAP_OFF DYNAMICLIGHTMAP_OFF ok=1
Cmd: compileSnippet
  api=8 type=1 insize=6810 outsize=1934 kw=DIRECTIONAL SHADOWS_OFF LIGHTMAP_OFF DIRLIGHTMAP_OFF DYNAMICLIGHTMAP_OFF ok=1
Cmd: compileSnippet
  api=0 type=0 insize=3647 outsize=1946 kw=SPOT ok=1
Cmd: compileSnippet
  api=0 type=1 insize=3647 outsize=6 kw=DIRECTIONAL ok=1
Cmd: compileSnippet
  api=4 type=1 insize=3647 outsize=2428 kw=SPOT ok=1
Cmd: compileSnippet
  api=8 type=1 insize=3647 outsize=2495 kw=DIRECTIONAL_COOKIE ok=1
Cmd: compileSnippet
  api=1 type=1 insize=2805 outsize=106 kw= ok=1
Cmd: compileSnippet
  api=0 type=0 insize=5974 outsize=3156 kw=LIGHTMAP_OFF DIRLIGHTMAP_OFF DYNAMICLIGHTMAP_ON HDR_LIGHT_PREPASS_OFF ok=1
Cmd: compileSnippet
  api=1 type=1 insize=5974 outsize=540 kw=LIGHTMAP_OFF DIRLIGHTMAP_OFF DYNAMICLIGHTMAP_ON HDR_LIGHT_PREPASS_OFF ok=1
Cmd: compileSnippet
  api=0 type=1 insize=5974 outsize=6 kw=LIGHTMAP_OFF DIRLIGHTMAP_OFF DYNAMICLIGHTMAP_ON UNITY_HDR_ON ok=1
Cmd: compileSnippet
  api=4 type=1 insize=5974 outsize=1778 kw=LIGHTMAP_OFF DIRLIGHTMAP_OFF DYNAMICLIGHTMAP_ON UNITY_HDR_ON ok=1
Cmd: compileSnippet
  api=4 type=0 insize=5928 outsize=3021 kw=LIGHTMAP_OFF DIRLIGHTMAP_OFF DYNAMICLIGHTMAP_ON HDR_LIGHT_PREPASS_OFF ok=1
Cmd: compileSnippet
  api=8 type=0 insize=5928 outsize=5379 kw=LIGHTMAP_OFF DIRLIGHTMAP_OFF DYNAMICLIGHTMAP_OFF UNITY_HDR_ON ok=1
Cmd: compileSnippet
  api=8 type=1 insize=5928 outsize=2340 kw=LIGHTMAP_OFF DIRLIGHTMAP_OFF DYNAMICLIGHTMAP_OFF HDR_LIGHT_PREPASS_OFF ok=1
Cmd: compileSnippet
  api=1 type=0 insize=1275 outsize=441 kw=DIRECTIONAL SHADOWS_OFF ok=1
Cmd: compileSnippet
  api=4 type=0 insize=1275 outsize=1940 kw=SPOT SHADOWS_OFF ok=1
Cmd: compileSnippet
  api=0 type=0 insize=1275 outsize=3549 kw=SPOT SHADOWS_DEPTH SHADOWS_NATIVE ok=1
Cmd: compileSnippet
  api=1 type=0 insize=1275 outsize=441 kw=POINT SHADOWS_CUBE SHADOWS_SOFT ok=1
Cmd: compileSnippet
  api=4 type=0 insize=1275 outsize=1940 kw=POINT SHADOWS_CUBE SHADOWS_SOFT ok=1
Cmd: compileSnippet
  api=1 type=0 insize=1275 outsize=441 kw=POINT_COOKIE SHADOWS_CUBE SHADOWS_SOFT ok=1
Cmd: compileSnippet
  api=4 type=1 insize=1275 outsize=4500 kw=POINT SHADOWS_OFF ok=1
Cmd: compileSnippet
  api=0 type=1 insize=1275 outsize=6 kw=DIRECTIONAL SHADOWS_SCREEN ok=1
Cmd: compileSnippet
  api=4 type=1 insize=1275 outsize=4240 kw=DIRECTIONAL SHADOWS_SCREEN ok=1
Cmd: compileSnippet
  api=4 type=1 insize=1275 outsize=5499 kw=POINT_COOKIE SHADOWS_CUBE ok=1
Cmd: compileSnippet
  api=1 type=0 insize=1268 outsize=441 kw=POINT SHADOWS_OFF ok=1
Cmd: compileSnippet
  api=1 type=0 insize=1268 outsize=441 kw=POINT_COOKIE SHADOWS_OFF ok=1
Cmd: compileSnippet
  api=1 type=0 insize=1268 outsize=441 kw=DIRECTIONAL_COOKIE SHADOWS_OFF ok=1
Cmd: compileSnippet
  api=0 type=0 insize=1268 outsize=3540 kw=SPOT SHADOWS_DEPTH SHADOWS_NATIVE ok=1
Cmd: compileSnippet
  api=0 type=0 insize=1268 outsize=4203 kw=POINT SHADOWS_CUBE SHADOWS_SOFT ok=1
Cmd: compileSnippet
  api=4 type=1 insize=1268 outsize=3890 kw=DIRECTIONAL SHADOWS_OFF ok=1
Cmd: compileSnippet
  api=0 type=1 insize=1268 outsize=6 kw=SPOT SHADOWS_DEPTH SHADOWS_NATIVE ok=1
Cmd: compileSnippet
  api=1 type=1 insize=1268 outsize=1698 kw=SPOT SHADOWS_DEPTH SHADOWS_NATIVE ok=1
Cmd: compileSnippet
  api=0 type=1 insize=1268 outsize=6 kw=SPOT SHADOWS_DEPTH SHADOWS_SOFT SHADOWS_NATIVE ok=1
Cmd: compileSnippet
  api=4 type=1 insize=1268 outsize=6604 kw=SPOT SHADOWS_DEPTH SHADOWS_SOFT SHADOWS_NATIVE ok=1
Cmd: compileSnippet
  api=0 type=0 insize=1273 outsize=2500 kw=DIRECTIONAL SHADOWS_OFF ok=1
Cmd: compileSnippet
  api=0 type=0 insize=1273 outsize=3014 kw=DIRECTIONAL_COOKIE SHADOWS_SCREEN ok=1
Cmd: compileSnippet
  api=4 type=1 insize=1273 outsize=3890 kw=DIRECTIONAL SHADOWS_OFF ok=1
Cmd: compileSnippet
  api=0 type=1 insize=1273 outsize=6 kw=POINT SHADOWS_CUBE ok=1
Cmd: compileSnippet
  api=1 type=1 insize=1273 outsize=1542 kw=POINT SHADOWS_CUBE ok=1
Cmd: compileSnippet
  api=4 type=1 insize=1273 outsize=5743 kw=POINT SHADOWS_CUBE SHADOWS_SOFT ok=1
Cmd: compileSnippet
  api=1 type=0 insize=1934 outsize=441 kw=DIRECTIONAL SHADOWS_OFF ok=1
Cmd: compileSnippet
  api=4 type=0 insize=1934 outsize=1940 kw=SPOT SHADOWS_OFF ok=1
Cmd: compileSnippet
  api=4 type=0 insize=1934 outsize=1940 kw=DIRECTIONAL_COOKIE SHADOWS_OFF ok=1
Cmd: compileSnippet
  api=4 type=0 insize=1934 outsize=1940 kw=SPOT SHADOWS_DEPTH SHADOWS_NATIVE ok=1
Cmd: compileSnippet
  api=1 type=0 insize=1934 outsize=441 kw=DIRECTIONAL SHADOWS_SCREEN ok=1
Cmd: compileSnippet
  api=4 type=0 insize=1934 outsize=1940 kw=DIRECTIONAL SHADOWS_SCREEN ok=1
Cmd: compileSnippet
  api=0 type=0 insize=1934 outsize=4112 kw=DIRECTIONAL_COOKIE SHADOWS_SCREEN ok=1
Cmd: compileSnippet
  api=4 type=0 insize=1934 outsize=1940 kw=POINT SHADOWS_OFF UNITY_HDR_ON ok=1
Cmd: compileSnippet
  api=1 type=0 insize=1934 outsize=441 kw=DIRECTIONAL SHADOWS_OFF UNITY_HDR_ON ok=1
Cmd: compileSnippet
  api=4 type=0 insize=1934 outsize=1940 kw=DIRECTIONAL SHADOWS_OFF UNITY_HDR_ON ok=1
Cmd: compileSnippet
  api=1 type=0 insize=1934 outsize=441 kw=SPOT SHADOWS_OFF UNITY_HDR_ON ok=1
Cmd: compileSnippet
  api=0 type=0 insize=1934 outsize=3863 kw=POINT_COOKIE SHADOWS_OFF UNITY_HDR_ON ok=1
Cmd: compileSnippet
  api=4 type=0 insize=1934 outsize=1940 kw=POINT_COOKIE SHADOWS_CUBE UNITY_HDR_ON ok=1
Cmd: compileSnippet
  api=4 type=0 insize=1934 outsize=1940 kw=SPOT SHADOWS_DEPTH SHADOWS_SOFT SHADOWS_NATIVE UNITY_HDR_ON ok=1
Cmd: compileSnippet
  api=1 type=0 insize=1934 outsize=441 kw=POINT SHADOWS_CUBE SHADOWS_SOFT UNITY_HDR_ON ok=1
Cmd: compileSnippet
  api=1 type=0 insize=1934 outsize=441 kw=POINT_COOKIE SHADOWS_CUBE SHADOWS_SOFT UNITY_HDR_ON ok=1
Cmd: compileSnippet
  api=1 type=1 insize=1934 outsize=2194 kw=POINT SHADOWS_OFF ok=1
Cmd: compileSnippet
  api=1 type=1 insize=1934 outsize=2747 kw=SPOT SHADOWS_DEPTH SHADOWS_NATIVE ok=1
Cmd: compileSnippet
  api=0 type=1 insize=1934 outsize=6 kw=SPOT SHADOWS_DEPTH SHADOWS_SOFT SHADOWS_NATIVE ok=1
Cmd: compileSnippet
  api=4 type=1 insize=1934 outsize=9074 kw=SPOT SHADOWS_DEPTH SHADOWS_SOFT SHADOWS_NATIVE ok=1
Cmd: compileSnippet
  api=4 type=1 insize=1934 outsize=7197 kw=SPOT SHADOWS_OFF UNITY_HDR_ON ok=1
Cmd: compileSnippet
  api=0 type=1 insize=1934 outsize=6 kw=DIRECTIONAL SHADOWS_SCREEN UNITY_HDR_ON ok=1
Cmd: compileSnippet
  api=4 type=1 insize=1934 outsize=6726 kw=DIRECTIONAL SHADOWS_SCREEN UNITY_HDR_ON ok=1
Cmd: compileSnippet
  api=0 type=1 insize=1934 outsize=6 kw=SPOT SHADOWS_DEPTH SHADOWS_SOFT SHADOWS_NATIVE UNITY_HDR_ON ok=1
Cmd: compileSnippet
  api=1 type=1 insize=1934 outsize=2930 kw=SPOT SHADOWS_DEPTH SHADOWS_SOFT SHADOWS_NATIVE UNITY_HDR_ON ok=1
Cmd: compileSnippet
  api=8 type=0 insize=1051 outsize=1780 kw= ok=1
Cmd: compileSnippet
  api=8 type=0 insize=1089 outsize=1845 kw= ok=1
Cmd: compileSnippet
  api=1 type=0 insize=723 outsize=151 kw= ok=1
Cmd: compileSnippet
  api=4 type=0 insize=1079 outsize=990 kw= ok=1
Unhandled exception: Readfile from pipe failed. GLE=The pipe has been ended.


Quitting shader compiler process

Crashed!
