Base path: C:/Program Files/Unity/Editor/Data
Pipe name: \\.\pipe\UnityShaderCompiler-64bit-7-5476
Cmd: getPlatforms
Cmd: compileSnippet
  api=0 type=1 insize=99240 outsize=6 kw=DIRECTIONAL SHADOWS_SCREEN LIGHTMAP_OFF DIRLIGHTMAP_OFF DYNAMICLIGHTMAP_OFF GEOM_TYPE_BRANCH ok=1
Cmd: compileSnippet
  api=1 type=1 insize=99240 outsize=367 kw=DIRECTIONAL SHADOWS_OFF LIGHTMAP_OFF DIRLIGHTMAP_OFF DYNAMICLIGHTMAP_OFF GEOM_TYPE_BRANCH_BLEND ok=1
Cmd: compileSnippet
  api=4 type=1 insize=99240 outsize=1542 kw=DIRECTIONAL SHADOWS_OFF LIGHTMAP_OFF DIRLIGHTMAP_OFF DYNAMICLIGHTMAP_OFF GEOM_TYPE_FROND ok=1
Cmd: compileSnippet
  api=4 type=1 insize=99240 outsize=1542 kw=DIRECTIONAL SHADOWS_OFF LIGHTMAP_OFF DIRLIGHTMAP_OFF DYNAMICLIGHTMAP_OFF GEOM_TYPE_LEAF ok=1
Cmd: compileSnippet
  api=4 type=1 insize=99240 outsize=1542 kw=DIRECTIONAL SHADOWS_OFF LIGHTMAP_OFF DIRLIGHTMAP_OFF DYNAMICLIGHTMAP_OFF GEOM_TYPE_FACING_LEAF ok=1
Cmd: compileSnippet
  api=4 type=1 insize=99240 outsize=1363 kw=DIRECTIONAL SHADOWS_OFF LIGHTMAP_OFF DIRLIGHTMAP_OFF DYNAMICLIGHTMAP_OFF LOD_FADE_PERCENTAGE GEOM_TYPE_BRANCH ok=1
Cmd: compileSnippet
  api=0 type=1 insize=99240 outsize=6 kw=DIRECTIONAL SHADOWS_SCREEN LIGHTMAP_OFF DIRLIGHTMAP_OFF DYNAMICLIGHTMAP_OFF LOD_FADE_PERCENTAGE GEOM_TYPE_BRANCH_BLEND ok=1
Cmd: compileSnippet
  api=8 type=1 insize=99240 outsize=3161 kw=DIRECTIONAL SHADOWS_SCREEN SHADOWS_NATIVE LIGHTMAP_OFF DIRLIGHTMAP_OFF DYNAMICLIGHTMAP_OFF LOD_FADE_PERCENTAGE GEOM_TYPE_BRANCH_BLEND ok=1
Cmd: compileSnippet
  api=0 type=1 insize=99240 outsize=6 kw=DIRECTIONAL SHADOWS_SCREEN LIGHTMAP_OFF DIRLIGHTMAP_OFF DYNAMICLIGHTMAP_OFF LOD_FADE_PERCENTAGE GEOM_TYPE_LEAF ok=1
Cmd: compileSnippet
  api=8 type=1 insize=99240 outsize=2998 kw=DIRECTIONAL SHADOWS_SCREEN SHADOWS_NATIVE LIGHTMAP_OFF DIRLIGHTMAP_OFF DYNAMICLIGHTMAP_OFF LOD_FADE_PERCENTAGE GEOM_TYPE_LEAF ok=1
Cmd: compileSnippet
  api=0 type=0 insize=58481 outsize=1673 kw=DIRECTIONAL GEOM_TYPE_BRANCH ok=1
Cmd: compileSnippet
  api=0 type=0 insize=58481 outsize=2038 kw=DIRECTIONAL GEOM_TYPE_BRANCH_BLEND ok=1
Cmd: compileSnippet
  api=0 type=0 insize=58481 outsize=1819 kw=DIRECTIONAL GEOM_TYPE_FROND ok=1
Cmd: compileSnippet
  api=8 type=0 insize=58481 outsize=4201 kw=POINT GEOM_TYPE_LEAF ok=1
Cmd: compileSnippet
  api=1 type=0 insize=58481 outsize=413 kw=SPOT GEOM_TYPE_LEAF ok=1
Cmd: compileSnippet
  api=4 type=0 insize=58481 outsize=2940 kw=SPOT GEOM_TYPE_LEAF ok=1
Cmd: compileSnippet
  api=0 type=0 insize=58481 outsize=2177 kw=DIRECTIONAL_COOKIE GEOM_TYPE_LEAF ok=1
Cmd: compileSnippet
  api=8 type=0 insize=58481 outsize=5160 kw=POINT_COOKIE GEOM_TYPE_FACING_LEAF ok=1
Cmd: compileSnippet
  api=0 type=0 insize=58481 outsize=2155 kw=POINT LOD_FADE_PERCENTAGE GEOM_TYPE_BRANCH ok=1
Cmd: compileSnippet
  api=0 type=0 insize=58481 outsize=2520 kw=POINT LOD_FADE_PERCENTAGE GEOM_TYPE_BRANCH_BLEND ok=1
Cmd: compileSnippet
  api=8 type=0 insize=58481 outsize=4770 kw=DIRECTIONAL_COOKIE LOD_FADE_PERCENTAGE GEOM_TYPE_BRANCH_BLEND ok=1
Cmd: compileSnippet
  api=1 type=0 insize=58481 outsize=487 kw=DIRECTIONAL LOD_FADE_PERCENTAGE GEOM_TYPE_FROND ok=1
Cmd: compileSnippet
  api=8 type=0 insize=58481 outsize=4518 kw=DIRECTIONAL LOD_FADE_PERCENTAGE GEOM_TYPE_FROND ok=1
Cmd: compileSnippet
  api=1 type=0 insize=58481 outsize=487 kw=POINT_COOKIE LOD_FADE_PERCENTAGE GEOM_TYPE_FROND ok=1
Cmd: compileSnippet
  api=1 type=0 insize=58481 outsize=487 kw=DIRECTIONAL_COOKIE LOD_FADE_PERCENTAGE GEOM_TYPE_FROND ok=1
Cmd: compileSnippet
  api=0 type=0 insize=58481 outsize=2499 kw=POINT LOD_FADE_PERCENTAGE GEOM_TYPE_LEAF ok=1
Cmd: compileSnippet
  api=8 type=0 insize=58481 outsize=4851 kw=DIRECTIONAL_COOKIE LOD_FADE_PERCENTAGE GEOM_TYPE_LEAF ok=1
Cmd: compileSnippet
  api=1 type=0 insize=58481 outsize=744 kw=DIRECTIONAL LOD_FADE_PERCENTAGE GEOM_TYPE_FACING_LEAF ok=1
Cmd: compileSnippet
  api=0 type=0 insize=58481 outsize=2806 kw=SPOT LOD_FADE_PERCENTAGE GEOM_TYPE_FACING_LEAF ok=1
Cmd: compileSnippet
  api=8 type=1 insize=58481 outsize=1788 kw=DIRECTIONAL GEOM_TYPE_BRANCH ok=1
Cmd: compileSnippet
  api=8 type=1 insize=58481 outsize=3258 kw=POINT_COOKIE GEOM_TYPE_BRANCH ok=1
Cmd: compileSnippet
  api=0 type=1 insize=58481 outsize=6 kw=SPOT GEOM_TYPE_BRANCH_BLEND ok=1
Cmd: compileSnippet
  api=4 type=1 insize=58481 outsize=2818 kw=SPOT GEOM_TYPE_BRANCH_BLEND ok=1
Cmd: compileSnippet
  api=8 type=1 insize=58481 outsize=3031 kw=DIRECTIONAL_COOKIE GEOM_TYPE_BRANCH_BLEND ok=1
Cmd: compileSnippet
  api=0 type=1 insize=58481 outsize=6 kw=POINT_COOKIE GEOM_TYPE_FROND ok=1
Cmd: compileSnippet
  api=4 type=1 insize=58481 outsize=2363 kw=POINT_COOKIE GEOM_TYPE_FROND ok=1
Cmd: compileSnippet
  api=8 type=1 insize=58481 outsize=3210 kw=POINT GEOM_TYPE_LEAF ok=1
Cmd: compileSnippet
  api=8 type=1 insize=58481 outsize=3518 kw=POINT_COOKIE GEOM_TYPE_LEAF ok=1
Cmd: compileSnippet
  api=0 type=1 insize=58481 outsize=6 kw=SPOT GEOM_TYPE_FACING_LEAF ok=1
Cmd: compileSnippet
  api=4 type=1 insize=58481 outsize=2672 kw=SPOT GEOM_TYPE_FACING_LEAF ok=1
Cmd: compileSnippet
  api=0 type=1 insize=58481 outsize=6 kw=POINT LOD_FADE_PERCENTAGE GEOM_TYPE_BRANCH ok=1
Cmd: compileSnippet
  api=8 type=1 insize=58481 outsize=2950 kw=POINT LOD_FADE_PERCENTAGE GEOM_TYPE_BRANCH ok=1
Cmd: compileSnippet
  api=8 type=1 insize=58481 outsize=3258 kw=POINT_COOKIE LOD_FADE_PERCENTAGE GEOM_TYPE_BRANCH ok=1
Cmd: compileSnippet
  api=8 type=1 insize=58481 outsize=2235 kw=DIRECTIONAL LOD_FADE_PERCENTAGE GEOM_TYPE_BRANCH_BLEND ok=1
Cmd: compileSnippet
  api=1 type=1 insize=58481 outsize=465 kw=DIRECTIONAL_COOKIE LOD_FADE_PERCENTAGE GEOM_TYPE_BRANCH_BLEND ok=1
Cmd: compileSnippet
  api=0 type=1 insize=58481 outsize=6 kw=DIRECTIONAL LOD_FADE_PERCENTAGE GEOM_TYPE_FROND ok=1
Cmd: compileSnippet
  api=4 type=1 insize=58481 outsize=1396 kw=DIRECTIONAL LOD_FADE_PERCENTAGE GEOM_TYPE_FROND ok=1
Cmd: compileSnippet
  api=8 type=1 insize=58481 outsize=3518 kw=POINT_COOKIE LOD_FADE_PERCENTAGE GEOM_TYPE_FROND ok=1
Cmd: compileSnippet
  api=8 type=1 insize=58481 outsize=2072 kw=DIRECTIONAL LOD_FADE_PERCENTAGE GEOM_TYPE_LEAF ok=1
Cmd: compileSnippet
  api=4 type=1 insize=58481 outsize=1900 kw=DIRECTIONAL_COOKIE LOD_FADE_PERCENTAGE GEOM_TYPE_LEAF ok=1
Cmd: compileSnippet
  api=4 type=1 insize=58481 outsize=1396 kw=DIRECTIONAL LOD_FADE_PERCENTAGE GEOM_TYPE_FACING_LEAF ok=1
Cmd: compileSnippet
  api=4 type=1 insize=58481 outsize=2363 kw=POINT_COOKIE LOD_FADE_PERCENTAGE GEOM_TYPE_FACING_LEAF ok=1
Cmd: compileSnippet
  api=8 type=0 insize=49708 outsize=4201 kw=GEOM_TYPE_BRANCH ok=1
Cmd: compileSnippet
  api=1 type=0 insize=49708 outsize=413 kw=GEOM_TYPE_LEAF ok=1
Cmd: compileSnippet
  api=0 type=0 insize=49708 outsize=1936 kw=GEOM_TYPE_FACING_LEAF ok=1
Cmd: compileSnippet
  api=0 type=0 insize=49708 outsize=1848 kw=LOD_FADE_PERCENTAGE GEOM_TYPE_LEAF ok=1
Cmd: compileSnippet
  api=4 type=1 insize=49708 outsize=868 kw=GEOM_TYPE_BRANCH_BLEND ok=1
Cmd: compileSnippet
  api=4 type=1 insize=49708 outsize=1168 kw=GEOM_TYPE_LEAF ok=1
Cmd: compileSnippet
  api=8 type=1 insize=49708 outsize=1130 kw=LOD_FADE_PERCENTAGE GEOM_TYPE_BRANCH ok=1
Cmd: compileSnippet
  api=4 type=1 insize=49708 outsize=1168 kw=LOD_FADE_PERCENTAGE GEOM_TYPE_LEAF ok=1
Cmd: compileSnippet
  api=4 type=0 insize=86883 outsize=4264 kw=LIGHTMAP_OFF DIRLIGHTMAP_OFF DYNAMICLIGHTMAP_OFF GEOM_TYPE_BRANCH HDR_LIGHT_PREPASS_OFF ok=1
Cmd: compileSnippet
  api=8 type=0 insize=86883 outsize=6387 kw=LIGHTMAP_OFF DIRLIGHTMAP_OFF DYNAMICLIGHTMAP_OFF GEOM_TYPE_BRANCH_BLEND HDR_LIGHT_PREPASS_OFF ok=1
Cmd: compileSnippet
  api=1 type=0 insize=86883 outsize=761 kw=LIGHTMAP_OFF DIRLIGHTMAP_OFF DYNAMICLIGHTMAP_OFF GEOM_TYPE_FROND HDR_LIGHT_PREPASS_OFF ok=1
Cmd: compileSnippet
  api=8 type=0 insize=86883 outsize=6086 kw=LIGHTMAP_OFF DIRLIGHTMAP_OFF DYNAMICLIGHTMAP_OFF GEOM_TYPE_FROND HDR_LIGHT_PREPASS_OFF ok=1
Cmd: compileSnippet
  api=4 type=0 insize=86883 outsize=4264 kw=LIGHTMAP_OFF DIRLIGHTMAP_OFF DYNAMICLIGHTMAP_OFF GEOM_TYPE_LEAF HDR_LIGHT_PREPASS_OFF ok=1
Cmd: compileSnippet
  api=8 type=0 insize=86883 outsize=6086 kw=LIGHTMAP_OFF DIRLIGHTMAP_OFF DYNAMICLIGHTMAP_OFF UNITY_HDR_ON GEOM_TYPE_LEAF ok=1
Cmd: compileSnippet
  api=4 type=0 insize=86883 outsize=4930 kw=LIGHTMAP_OFF DIRLIGHTMAP_OFF DYNAMICLIGHTMAP_OFF UNITY_HDR_ON GEOM_TYPE_FACING_LEAF ok=1
Cmd: compileSnippet
  api=8 type=0 insize=86883 outsize=6460 kw=LIGHTMAP_OFF DIRLIGHTMAP_OFF DYNAMICLIGHTMAP_OFF LOD_FADE_PERCENTAGE GEOM_TYPE_BRANCH HDR_LIGHT_PREPASS_OFF ok=1
Cmd: compileSnippet
  api=4 type=0 insize=86883 outsize=4670 kw=LIGHTMAP_OFF DIRLIGHTMAP_OFF DYNAMICLIGHTMAP_OFF LOD_FADE_PERCENTAGE GEOM_TYPE_BRANCH_BLEND HDR_LIGHT_PREPASS_OFF ok=1
Cmd: compileSnippet
  api=8 type=0 insize=86883 outsize=6712 kw=LIGHTMAP_OFF DIRLIGHTMAP_OFF DYNAMICLIGHTMAP_OFF UNITY_HDR_ON LOD_FADE_PERCENTAGE GEOM_TYPE_BRANCH_BLEND ok=1
Cmd: compileSnippet
  api=0 type=0 insize=86883 outsize=3226 kw=LIGHTMAP_OFF DIRLIGHTMAP_OFF DYNAMICLIGHTMAP_OFF UNITY_HDR_ON LOD_FADE_PERCENTAGE GEOM_TYPE_FROND ok=1
Cmd: compileSnippet
  api=0 type=0 insize=86883 outsize=3602 kw=LIGHTMAP_OFF DIRLIGHTMAP_OFF DYNAMICLIGHTMAP_OFF UNITY_HDR_ON LOD_FADE_PERCENTAGE GEOM_TYPE_FACING_LEAF ok=1
Cmd: compileSnippet
  api=8 type=1 insize=86883 outsize=1934 kw=LIGHTMAP_OFF DIRLIGHTMAP_OFF DYNAMICLIGHTMAP_OFF UNITY_HDR_ON GEOM_TYPE_BRANCH ok=1
Cmd: compileSnippet
  api=8 type=1 insize=86883 outsize=2381 kw=LIGHTMAP_OFF DIRLIGHTMAP_OFF DYNAMICLIGHTMAP_OFF UNITY_HDR_ON GEOM_TYPE_BRANCH_BLEND ok=1
Cmd: compileSnippet
  api=4 type=1 insize=86883 outsize=1591 kw=LIGHTMAP_OFF DIRLIGHTMAP_OFF DYNAMICLIGHTMAP_OFF GEOM_TYPE_LEAF HDR_LIGHT_PREPASS_OFF ok=1
Cmd: compileSnippet
  api=8 type=1 insize=86883 outsize=2373 kw=LIGHTMAP_OFF DIRLIGHTMAP_OFF DYNAMICLIGHTMAP_OFF GEOM_TYPE_FACING_LEAF HDR_LIGHT_PREPASS_OFF ok=1
Cmd: compileSnippet
  api=1 type=1 insize=86883 outsize=232 kw=LIGHTMAP_OFF DIRLIGHTMAP_OFF DYNAMICLIGHTMAP_OFF UNITY_HDR_ON LOD_FADE_PERCENTAGE GEOM_TYPE_BRANCH ok=1
Cmd: compileSnippet
  api=8 type=1 insize=86883 outsize=2381 kw=LIGHTMAP_OFF DIRLIGHTMAP_OFF DYNAMICLIGHTMAP_OFF UNITY_HDR_ON LOD_FADE_PERCENTAGE GEOM_TYPE_BRANCH_BLEND ok=1
Cmd: compileSnippet
  api=4 type=1 insize=86883 outsize=1591 kw=LIGHTMAP_OFF DIRLIGHTMAP_OFF DYNAMICLIGHTMAP_OFF LOD_FADE_PERCENTAGE GEOM_TYPE_LEAF HDR_LIGHT_PREPASS_OFF ok=1
Cmd: compileSnippet
  api=8 type=1 insize=86883 outsize=2373 kw=LIGHTMAP_OFF DIRLIGHTMAP_OFF DYNAMICLIGHTMAP_OFF LOD_FADE_PERCENTAGE GEOM_TYPE_FACING_LEAF HDR_LIGHT_PREPASS_OFF ok=1
Cmd: compileSnippet
  api=0 type=0 insize=88439 outsize=2695 kw=LIGHTMAP_OFF DIRLIGHTMAP_OFF DYNAMICLIGHTMAP_OFF UNITY_HDR_ON GEOM_TYPE_BRANCH ok=1
Cmd: compileSnippet
  api=4 type=0 insize=88439 outsize=3988 kw=LIGHTMAP_OFF DIRLIGHTMAP_OFF DYNAMICLIGHTMAP_OFF UNITY_HDR_ON GEOM_TYPE_FROND ok=1
Cmd: compileSnippet
  api=4 type=0 insize=88439 outsize=3988 kw=LIGHTMAP_OFF DIRLIGHTMAP_OFF DYNAMICLIGHTMAP_OFF GEOM_TYPE_LEAF HDR_LIGHT_PREPASS_OFF ok=1
Cmd: compileSnippet
  api=8 type=0 insize=88439 outsize=5655 kw=LIGHTMAP_OFF DIRLIGHTMAP_OFF DYNAMICLIGHTMAP_OFF UNITY_HDR_ON GEOM_TYPE_LEAF ok=1
Cmd: compileSnippet
  api=4 type=0 insize=88439 outsize=4597 kw=LIGHTMAP_OFF DIRLIGHTMAP_OFF DYNAMICLIGHTMAP_OFF UNITY_HDR_ON GEOM_TYPE_FACING_LEAF ok=1
Cmd: compileSnippet
  api=4 type=0 insize=88439 outsize=4158 kw=LIGHTMAP_OFF DIRLIGHTMAP_OFF DYNAMICLIGHTMAP_OFF LOD_FADE_PERCENTAGE GEOM_TYPE_BRANCH HDR_LIGHT_PREPASS_OFF ok=1
Cmd: compileSnippet
  api=4 type=0 insize=88439 outsize=4158 kw=LIGHTMAP_OFF DIRLIGHTMAP_OFF DYNAMICLIGHTMAP_OFF UNITY_HDR_ON LOD_FADE_PERCENTAGE GEOM_TYPE_BRANCH ok=1
Cmd: compileSnippet
  api=4 type=0 insize=88439 outsize=4337 kw=LIGHTMAP_OFF DIRLIGHTMAP_OFF DYNAMICLIGHTMAP_OFF LOD_FADE_PERCENTAGE GEOM_TYPE_BRANCH_BLEND HDR_LIGHT_PREPASS_OFF ok=1
Cmd: compileSnippet
  api=8 type=0 insize=88439 outsize=6224 kw=LIGHTMAP_OFF DIRLIGHTMAP_OFF DYNAMICLIGHTMAP_OFF UNITY_HDR_ON LOD_FADE_PERCENTAGE GEOM_TYPE_BRANCH_BLEND ok=1
Cmd: compileSnippet
  api=1 type=0 insize=88439 outsize=723 kw=LIGHTMAP_OFF DIRLIGHTMAP_OFF DYNAMICLIGHTMAP_OFF UNITY_HDR_ON LOD_FADE_PERCENTAGE GEOM_TYPE_FROND ok=1
Cmd: compileSnippet
  api=1 type=0 insize=88439 outsize=812 kw=LIGHTMAP_OFF DIRLIGHTMAP_OFF DYNAMICLIGHTMAP_OFF LOD_FADE_PERCENTAGE GEOM_TYPE_LEAF HDR_LIGHT_PREPASS_OFF ok=1
Cmd: compileSnippet
  api=1 type=0 insize=88439 outsize=812 kw=LIGHTMAP_OFF DIRLIGHTMAP_OFF DYNAMICLIGHTMAP_OFF UNITY_HDR_ON LOD_FADE_PERCENTAGE GEOM_TYPE_LEAF ok=1
Cmd: compileSnippet
  api=1 type=0 insize=88439 outsize=980 kw=LIGHTMAP_OFF DIRLIGHTMAP_OFF DYNAMICLIGHTMAP_OFF LOD_FADE_PERCENTAGE GEOM_TYPE_FACING_LEAF HDR_LIGHT_PREPASS_OFF ok=1
Cmd: compileSnippet
  api=0 type=0 insize=88439 outsize=3414 kw=LIGHTMAP_OFF DIRLIGHTMAP_OFF DYNAMICLIGHTMAP_OFF UNITY_HDR_ON LOD_FADE_PERCENTAGE GEOM_TYPE_FACING_LEAF ok=1
Cmd: compileSnippet
  api=8 type=1 insize=88439 outsize=2251 kw=LIGHTMAP_OFF DIRLIGHTMAP_OFF DYNAMICLIGHTMAP_OFF UNITY_HDR_ON GEOM_TYPE_BRANCH ok=1
Cmd: compileSnippet
  api=8 type=1 insize=88439 outsize=2698 kw=LIGHTMAP_OFF DIRLIGHTMAP_OFF DYNAMICLIGHTMAP_OFF UNITY_HDR_ON GEOM_TYPE_BRANCH_BLEND ok=1
Cmd: compileSnippet
  api=8 type=1 insize=88439 outsize=2690 kw=LIGHTMAP_OFF DIRLIGHTMAP_OFF DYNAMICLIGHTMAP_OFF GEOM_TYPE_LEAF HDR_LIGHT_PREPASS_OFF ok=1
Cmd: compileSnippet
  api=4 type=1 insize=88439 outsize=1827 kw=LIGHTMAP_OFF DIRLIGHTMAP_OFF DYNAMICLIGHTMAP_OFF UNITY_HDR_ON GEOM_TYPE_FACING_LEAF ok=1
Cmd: compileSnippet
  api=8 type=1 insize=88439 outsize=2251 kw=LIGHTMAP_OFF DIRLIGHTMAP_OFF DYNAMICLIGHTMAP_OFF UNITY_HDR_ON LOD_FADE_PERCENTAGE GEOM_TYPE_BRANCH ok=1
Cmd: compileSnippet
  api=4 type=1 insize=88439 outsize=1875 kw=LIGHTMAP_OFF DIRLIGHTMAP_OFF DYNAMICLIGHTMAP_OFF LOD_FADE_PERCENTAGE GEOM_TYPE_FROND HDR_LIGHT_PREPASS_OFF ok=1
Cmd: compileSnippet
  api=0 type=1 insize=88439 outsize=6 kw=LIGHTMAP_OFF DIRLIGHTMAP_OFF DYNAMICLIGHTMAP_OFF UNITY_HDR_ON LOD_FADE_PERCENTAGE GEOM_TYPE_LEAF ok=1
Cmd: compileSnippet
  api=4 type=1 insize=88439 outsize=1827 kw=LIGHTMAP_OFF DIRLIGHTMAP_OFF DYNAMICLIGHTMAP_OFF UNITY_HDR_ON LOD_FADE_PERCENTAGE GEOM_TYPE_LEAF ok=1
Cmd: compileSnippet
  api=4 type=0 insize=1123 outsize=3785 kw=SHADOWS_DEPTH GEOM_TYPE_BRANCH ok=1
Cmd: compileSnippet
  api=0 type=0 insize=1123 outsize=474 kw=SHADOWS_CUBE GEOM_TYPE_BRANCH_BLEND ok=1
Cmd: compileSnippet
  api=8 type=0 insize=1123 outsize=5858 kw=SHADOWS_DEPTH GEOM_TYPE_LEAF ok=1
Cmd: compileSnippet
  api=0 type=0 insize=1123 outsize=1203 kw=SHADOWS_CUBE GEOM_TYPE_FACING_LEAF ok=1
Cmd: compileSnippet
  api=8 type=0 insize=1123 outsize=5964 kw=SHADOWS_DEPTH LOD_FADE_PERCENTAGE GEOM_TYPE_BRANCH_BLEND ok=1
Cmd: compileSnippet
  api=8 type=0 insize=1123 outsize=2812 kw=SHADOWS_CUBE LOD_FADE_PERCENTAGE GEOM_TYPE_FROND ok=1
Cmd: compileSnippet
  api=0 type=0 insize=1123 outsize=1115 kw=SHADOWS_CUBE LOD_FADE_PERCENTAGE GEOM_TYPE_LEAF ok=1
Cmd: compileSnippet
  api=8 type=1 insize=1123 outsize=658 kw=SHADOWS_DEPTH GEOM_TYPE_BRANCH ok=1
Cmd: compileSnippet
  api=4 type=1 insize=1123 outsize=892 kw=SHADOWS_DEPTH GEOM_TYPE_FROND ok=1
Cmd: compileSnippet
  api=8 type=1 insize=1123 outsize=1308 kw=SHADOWS_DEPTH GEOM_TYPE_LEAF ok=1
Cmd: compileSnippet
  api=8 type=1 insize=1123 outsize=1601 kw=SHADOWS_CUBE GEOM_TYPE_FACING_LEAF ok=1
Cmd: compileSnippet
  api=8 type=1 insize=1123 outsize=992 kw=SHADOWS_CUBE LOD_FADE_PERCENTAGE GEOM_TYPE_BRANCH_BLEND ok=1
Cmd: compileSnippet
  api=1 type=1 insize=1123 outsize=189 kw=SHADOWS_CUBE LOD_FADE_PERCENTAGE GEOM_TYPE_LEAF ok=1
Cmd: compileSnippet
  api=0 type=1 insize=1123 outsize=6 kw=SHADOWS_CUBE LOD_FADE_PERCENTAGE GEOM_TYPE_FACING_LEAF ok=1
Cmd: compileSnippet
  api=4 type=1 insize=1123 outsize=1095 kw=SHADOWS_CUBE LOD_FADE_PERCENTAGE GEOM_TYPE_FACING_LEAF ok=1
Cmd: compileSnippet
  api=4 type=0 insize=1156 outsize=3687 kw=GEOM_TYPE_BRANCH_BLEND ok=1
Cmd: compileSnippet
  api=8 type=0 insize=1156 outsize=5265 kw=GEOM_TYPE_FROND ok=1
Cmd: compileSnippet
  api=1 type=0 insize=1156 outsize=1052 kw=GEOM_TYPE_FACING_LEAF ok=1
Cmd: compileSnippet
  api=0 type=0 insize=1156 outsize=2256 kw=LOD_FADE_PERCENTAGE GEOM_TYPE_BRANCH ok=1
Cmd: compileSnippet
  api=0 type=0 insize=1156 outsize=2777 kw=LOD_FADE_PERCENTAGE GEOM_TYPE_FACING_LEAF ok=1
Cmd: compileSnippet
  api=8 type=1 insize=1156 outsize=1642 kw=GEOM_TYPE_BRANCH_BLEND ok=1
Cmd: compileSnippet
  api=0 type=1 insize=1156 outsize=6 kw=LOD_FADE_PERCENTAGE GEOM_TYPE_BRANCH ok=1
Cmd: compileSnippet
  api=1 type=1 insize=1156 outsize=126 kw=LOD_FADE_PERCENTAGE GEOM_TYPE_BRANCH ok=1
Cmd: compileSnippet
  api=0 type=1 insize=1156 outsize=6 kw=LOD_FADE_PERCENTAGE GEOM_TYPE_FROND ok=1
Cmd: compileSnippet
  api=8 type=1 insize=1156 outsize=1495 kw=LOD_FADE_PERCENTAGE GEOM_TYPE_FROND ok=1
Cmd: compileSnippet
  api=1 type=0 insize=116005 outsize=2296 kw=DIRECTIONAL SHADOWS_OFF LIGHTMAP_OFF DIRLIGHTMAP_OFF DYNAMICLIGHTMAP_OFF ok=1
Cmd: compileSnippet
  api=4 type=0 insize=116005 outsize=8968 kw=DIRECTIONAL SHADOWS_OFF LIGHTMAP_OFF DIRLIGHTMAP_OFF DYNAMICLIGHTMAP_OFF VERTEXLIGHT_ON ok=1
Cmd: compileSnippet
  api=1 type=0 insize=116005 outsize=2380 kw=DIRECTIONAL SHADOWS_OFF LIGHTMAP_OFF DIRLIGHTMAP_OFF DYNAMICLIGHTMAP_OFF EFFECT_HUE_VARIATION ok=1
Cmd: compileSnippet
  api=1 type=0 insize=116005 outsize=2529 kw=DIRECTIONAL SHADOWS_SCREEN LIGHTMAP_OFF DIRLIGHTMAP_OFF DYNAMICLIGHTMAP_OFF EFFECT_HUE_VARIATION ok=1
Cmd: compileSnippet
  api=0 type=0 insize=116005 outsize=7533 kw=DIRECTIONAL SHADOWS_SCREEN LIGHTMAP_OFF DIRLIGHTMAP_OFF DYNAMICLIGHTMAP_OFF VERTEXLIGHT_ON EFFECT_HUE_VARIATION ok=1
Cmd: compileSnippet
  api=0 type=0 insize=116005 outsize=7343 kw=DIRECTIONAL SHADOWS_OFF LIGHTMAP_OFF DIRLIGHTMAP_OFF DYNAMICLIGHTMAP_OFF EFFECT_BUMP EFFECT_HUE_VARIATION ok=1
Cmd: compileSnippet
  api=0 type=0 insize=116005 outsize=7411 kw=DIRECTIONAL SHADOWS_SCREEN LIGHTMAP_OFF DIRLIGHTMAP_OFF DYNAMICLIGHTMAP_OFF BILLBOARD_FACE_CAMERA_POS ok=1
Cmd: compileSnippet
  api=0 type=0 insize=116005 outsize=8396 kw=DIRECTIONAL SHADOWS_OFF LIGHTMAP_OFF DIRLIGHTMAP_OFF DYNAMICLIGHTMAP_OFF VERTEXLIGHT_ON EFFECT_HUE_VARIATION BILLBOARD_FACE_CAMERA_POS ok=1
Cmd: compileSnippet
  api=4 type=0 insize=116005 outsize=11837 kw=DIRECTIONAL SHADOWS_OFF LIGHTMAP_OFF DIRLIGHTMAP_OFF DYNAMICLIGHTMAP_OFF VERTEXLIGHT_ON EFFECT_BUMP BILLBOARD_FACE_CAMERA_POS ok=1
Cmd: compileSnippet
  api=1 type=0 insize=116005 outsize=3562 kw=DIRECTIONAL SHADOWS_OFF LIGHTMAP_OFF DIRLIGHTMAP_OFF DYNAMICLIGHTMAP_OFF EFFECT_BUMP EFFECT_HUE_VARIATION BILLBOARD_FACE_CAMERA_POS ok=1
Cmd: compileSnippet
  api=0 type=0 insize=116005 outsize=9590 kw=DIRECTIONAL SHADOWS_OFF LIGHTMAP_OFF DIRLIGHTMAP_OFF DYNAMICLIGHTMAP_OFF VERTEXLIGHT_ON EFFECT_BUMP EFFECT_HUE_VARIATION BILLBOARD_FACE_CAMERA_POS ok=1
Cmd: compileSnippet
  api=0 type=0 insize=116005 outsize=7915 kw=DIRECTIONAL SHADOWS_SCREEN LIGHTMAP_OFF DIRLIGHTMAP_OFF DYNAMICLIGHTMAP_OFF VERTEXLIGHT_ON LOD_FADE_CROSSFADE ok=1
Cmd: compileSnippet
  api=0 type=0 insize=116005 outsize=7760 kw=DIRECTIONAL SHADOWS_OFF LIGHTMAP_OFF DIRLIGHTMAP_OFF DYNAMICLIGHTMAP_OFF LOD_FADE_CROSSFADE EFFECT_BUMP ok=1
Cmd: compileSnippet
  api=4 type=0 insize=116005 outsize=9627 kw=DIRECTIONAL SHADOWS_OFF LIGHTMAP_OFF DIRLIGHTMAP_OFF DYNAMICLIGHTMAP_OFF LOD_FADE_CROSSFADE EFFECT_BUMP EFFECT_HUE_VARIATION ok=1
Cmd: compileSnippet
  api=1 type=0 insize=116005 outsize=3468 kw=DIRECTIONAL SHADOWS_OFF LIGHTMAP_OFF DIRLIGHTMAP_OFF DYNAMICLIGHTMAP_OFF VERTEXLIGHT_ON LOD_FADE_CROSSFADE EFFECT_BUMP EFFECT_HUE_VARIATION ok=1
Cmd: compileSnippet
  api=0 type=0 insize=116005 outsize=7847 kw=DIRECTIONAL SHADOWS_OFF LIGHTMAP_OFF DIRLIGHTMAP_OFF DYNAMICLIGHTMAP_OFF LOD_FADE_CROSSFADE BILLBOARD_FACE_CAMERA_POS ok=1
Cmd: compileSnippet
  api=1 type=0 insize=116005 outsize=3444 kw=DIRECTIONAL SHADOWS_OFF LIGHTMAP_OFF DIRLIGHTMAP_OFF DYNAMICLIGHTMAP_OFF LOD_FADE_CROSSFADE EFFECT_HUE_VARIATION BILLBOARD_FACE_CAMERA_POS ok=1
Cmd: compileSnippet
  api=0 type=0 insize=116005 outsize=9309 kw=DIRECTIONAL SHADOWS_OFF LIGHTMAP_OFF DIRLIGHTMAP_OFF DYNAMICLIGHTMAP_OFF VERTEXLIGHT_ON LOD_FADE_CROSSFADE EFFECT_HUE_VARIATION BILLBOARD_FACE_CAMERA_POS ok=1
Cmd: compileSnippet
  api=4 type=0 insize=116005 outsize=12649 kw=DIRECTIONAL SHADOWS_OFF LIGHTMAP_OFF DIRLIGHTMAP_OFF DYNAMICLIGHTMAP_OFF VERTEXLIGHT_ON LOD_FADE_CROSSFADE EFFECT_BUMP BILLBOARD_FACE_CAMERA_POS ok=1
Cmd: compileSnippet
  api=1 type=0 insize=116005 outsize=3768 kw=DIRECTIONAL SHADOWS_OFF LIGHTMAP_OFF DIRLIGHTMAP_OFF DYNAMICLIGHTMAP_OFF LOD_FADE_CROSSFADE EFFECT_BUMP EFFECT_HUE_VARIATION BILLBOARD_FACE_CAMERA_POS ok=1
Cmd: compileSnippet
  api=1 type=0 insize=116005 outsize=4280 kw=DIRECTIONAL SHADOWS_OFF LIGHTMAP_OFF DIRLIGHTMAP_OFF DYNAMICLIGHTMAP_OFF VERTEXLIGHT_ON LOD_FADE_CROSSFADE EFFECT_BUMP EFFECT_HUE_VARIATION BILLBOARD_FACE_CAMERA_POS ok=1
Cmd: compileSnippet
  api=4 type=0 insize=116005 outsize=13177 kw=DIRECTIONAL SHADOWS_SCREEN LIGHTMAP_OFF DIRLIGHTMAP_OFF DYNAMICLIGHTMAP_OFF VERTEXLIGHT_ON LOD_FADE_CROSSFADE EFFECT_BUMP EFFECT_HUE_VARIATION BILLBOARD_FACE_CAMERA_POS ok=1
Cmd: compileSnippet
  api=4 type=1 insize=116005 outsize=1875 kw=DIRECTIONAL SHADOWS_OFF LIGHTMAP_OFF DIRLIGHTMAP_OFF DYNAMICLIGHTMAP_OFF ok=1
Cmd: compileSnippet
  api=4 type=1 insize=116005 outsize=2574 kw=DIRECTIONAL SHADOWS_OFF LIGHTMAP_OFF DIRLIGHTMAP_OFF DYNAMICLIGHTMAP_OFF EFFECT_BUMP ok=1
Cmd: compileSnippet
  api=4 type=1 insize=116005 outsize=1875 kw=DIRECTIONAL SHADOWS_OFF LIGHTMAP_OFF DIRLIGHTMAP_OFF DYNAMICLIGHTMAP_OFF BILLBOARD_FACE_CAMERA_POS ok=1
Cmd: compileSnippet
  api=4 type=1 insize=116005 outsize=2753 kw=DIRECTIONAL SHADOWS_SCREEN LIGHTMAP_OFF DIRLIGHTMAP_OFF DYNAMICLIGHTMAP_OFF EFFECT_HUE_VARIATION BILLBOARD_FACE_CAMERA_POS ok=1
Cmd: compileSnippet
  api=0 type=1 insize=116005 outsize=6 kw=DIRECTIONAL SHADOWS_OFF LIGHTMAP_OFF DIRLIGHTMAP_OFF DYNAMICLIGHTMAP_OFF LOD_FADE_CROSSFADE ok=1
Cmd: compileSnippet
  api=0 type=1 insize=116005 outsize=6 kw=DIRECTIONAL SHADOWS_SCREEN LIGHTMAP_OFF DIRLIGHTMAP_OFF DYNAMICLIGHTMAP_OFF LOD_FADE_CROSSFADE ok=1
Cmd: compileSnippet
  api=4 type=1 insize=116005 outsize=2745 kw=DIRECTIONAL SHADOWS_SCREEN LIGHTMAP_OFF DIRLIGHTMAP_OFF DYNAMICLIGHTMAP_OFF LOD_FADE_CROSSFADE ok=1
Cmd: compileSnippet
  api=1 type=1 insize=116005 outsize=1011 kw=DIRECTIONAL SHADOWS_SCREEN LIGHTMAP_OFF DIRLIGHTMAP_OFF DYNAMICLIGHTMAP_OFF LOD_FADE_CROSSFADE EFFECT_BUMP ok=1
Cmd: compileSnippet
  api=4 type=1 insize=116005 outsize=2428 kw=DIRECTIONAL SHADOWS_OFF LIGHTMAP_OFF DIRLIGHTMAP_OFF DYNAMICLIGHTMAP_OFF LOD_FADE_CROSSFADE BILLBOARD_FACE_CAMERA_POS ok=1
Cmd: compileSnippet
  api=0 type=1 insize=116005 outsize=6 kw=DIRECTIONAL SHADOWS_OFF LIGHTMAP_OFF DIRLIGHTMAP_OFF DYNAMICLIGHTMAP_OFF LOD_FADE_CROSSFADE EFFECT_BUMP BILLBOARD_FACE_CAMERA_POS ok=1
Cmd: compileSnippet
  api=0 type=1 insize=116005 outsize=6 kw=DIRECTIONAL SHADOWS_SCREEN LIGHTMAP_OFF DIRLIGHTMAP_OFF DYNAMICLIGHTMAP_OFF LOD_FADE_CROSSFADE EFFECT_BUMP BILLBOARD_FACE_CAMERA_POS ok=1
Cmd: compileSnippet
  api=0 type=1 insize=116005 outsize=6 kw=DIRECTIONAL SHADOWS_OFF LIGHTMAP_OFF DIRLIGHTMAP_OFF DYNAMICLIGHTMAP_OFF LOD_FADE_CROSSFADE EFFECT_BUMP EFFECT_HUE_VARIATION BILLBOARD_FACE_CAMERA_POS ok=1
Cmd: compileSnippet
  api=4 type=1 insize=116005 outsize=4004 kw=DIRECTIONAL SHADOWS_SCREEN LIGHTMAP_OFF DIRLIGHTMAP_OFF DYNAMICLIGHTMAP_OFF LOD_FADE_CROSSFADE EFFECT_BUMP EFFECT_HUE_VARIATION BILLBOARD_FACE_CAMERA_POS ok=1
Cmd: compileSnippet
  api=1 type=0 insize=73109 outsize=2144 kw=SPOT ok=1
Cmd: compileSnippet
  api=0 type=0 insize=73109 outsize=5085 kw=POINT_COOKIE ok=1
Cmd: compileSnippet
  api=0 type=0 insize=73109 outsize=5583 kw=POINT_COOKIE EFFECT_HUE_VARIATION ok=1
Cmd: compileSnippet
  api=1 type=0 insize=73109 outsize=2510 kw=POINT_COOKIE EFFECT_BUMP ok=1
Cmd: compileSnippet
  api=1 type=0 insize=73109 outsize=2510 kw=DIRECTIONAL_COOKIE EFFECT_BUMP ok=1
Cmd: compileSnippet
  api=0 type=0 insize=73109 outsize=6366 kw=DIRECTIONAL EFFECT_BUMP EFFECT_HUE_VARIATION ok=1
Cmd: compileSnippet
  api=1 type=0 insize=73109 outsize=2999 kw=DIRECTIONAL BILLBOARD_FACE_CAMERA_POS ok=1
Cmd: compileSnippet
  api=4 type=0 insize=73109 outsize=8822 kw=SPOT BILLBOARD_FACE_CAMERA_POS ok=1
Cmd: compileSnippet
  api=1 type=0 insize=73109 outsize=2999 kw=DIRECTIONAL_COOKIE BILLBOARD_FACE_CAMERA_POS ok=1
Cmd: compileSnippet
  api=4 type=0 insize=73109 outsize=9001 kw=POINT EFFECT_HUE_VARIATION BILLBOARD_FACE_CAMERA_POS ok=1
Cmd: compileSnippet
  api=1 type=0 insize=73109 outsize=3101 kw=SPOT EFFECT_HUE_VARIATION BILLBOARD_FACE_CAMERA_POS ok=1
Cmd: compileSnippet
  api=4 type=0 insize=73109 outsize=9001 kw=POINT_COOKIE EFFECT_HUE_VARIATION BILLBOARD_FACE_CAMERA_POS ok=1
Cmd: compileSnippet
  api=1 type=0 insize=73109 outsize=3370 kw=POINT EFFECT_BUMP BILLBOARD_FACE_CAMERA_POS ok=1
Cmd: compileSnippet
  api=4 type=0 insize=73109 outsize=9797 kw=DIRECTIONAL EFFECT_BUMP BILLBOARD_FACE_CAMERA_POS ok=1
Cmd: compileSnippet
  api=1 type=0 insize=73109 outsize=3370 kw=POINT_COOKIE EFFECT_BUMP BILLBOARD_FACE_CAMERA_POS ok=1
Cmd: compileSnippet
  api=0 type=0 insize=73109 outsize=8036 kw=POINT EFFECT_BUMP EFFECT_HUE_VARIATION BILLBOARD_FACE_CAMERA_POS ok=1
Cmd: compileSnippet
  api=0 type=0 insize=73109 outsize=5913 kw=POINT LOD_FADE_CROSSFADE ok=1
Cmd: compileSnippet
  api=0 type=0 insize=73109 outsize=6414 kw=POINT LOD_FADE_CROSSFADE EFFECT_HUE_VARIATION ok=1
Cmd: compileSnippet
  api=0 type=0 insize=73109 outsize=7118 kw=POINT LOD_FADE_CROSSFADE EFFECT_BUMP ok=1
Cmd: compileSnippet
  api=4 type=0 insize=73109 outsize=8822 kw=DIRECTIONAL_COOKIE LOD_FADE_CROSSFADE EFFECT_BUMP ok=1
Cmd: compileSnippet
  api=1 type=0 insize=73109 outsize=2802 kw=DIRECTIONAL LOD_FADE_CROSSFADE EFFECT_BUMP EFFECT_HUE_VARIATION ok=1
Cmd: compileSnippet
  api=0 type=0 insize=73109 outsize=7709 kw=POINT_COOKIE LOD_FADE_CROSSFADE EFFECT_BUMP EFFECT_HUE_VARIATION ok=1
Cmd: compileSnippet
  api=0 type=0 insize=73109 outsize=7331 kw=POINT_COOKIE LOD_FADE_CROSSFADE BILLBOARD_FACE_CAMERA_POS ok=1
Cmd: compileSnippet
  api=4 type=0 insize=73109 outsize=9813 kw=SPOT LOD_FADE_CROSSFADE EFFECT_HUE_VARIATION BILLBOARD_FACE_CAMERA_POS ok=1
Cmd: compileSnippet
  api=1 type=0 insize=73109 outsize=3292 kw=DIRECTIONAL_COOKIE LOD_FADE_CROSSFADE EFFECT_HUE_VARIATION BILLBOARD_FACE_CAMERA_POS ok=1
Cmd: compileSnippet
  api=0 type=0 insize=73109 outsize=8106 kw=DIRECTIONAL LOD_FADE_CROSSFADE EFFECT_BUMP BILLBOARD_FACE_CAMERA_POS ok=1
Cmd: compileSnippet
  api=4 type=0 insize=73109 outsize=10788 kw=POINT LOD_FADE_CROSSFADE EFFECT_BUMP EFFECT_HUE_VARIATION BILLBOARD_FACE_CAMERA_POS ok=1
Cmd: compileSnippet
  api=1 type=0 insize=73109 outsize=3633 kw=SPOT LOD_FADE_CROSSFADE EFFECT_BUMP EFFECT_HUE_VARIATION BILLBOARD_FACE_CAMERA_POS ok=1
Cmd: compileSnippet
  api=0 type=0 insize=73109 outsize=8848 kw=DIRECTIONAL_COOKIE LOD_FADE_CROSSFADE EFFECT_BUMP EFFECT_HUE_VARIATION BILLBOARD_FACE_CAMERA_POS ok=1
Cmd: compileSnippet
  api=1 type=1 insize=73109 outsize=673 kw=SPOT ok=1
Cmd: compileSnippet
  api=0 type=1 insize=73109 outsize=6 kw=POINT EFFECT_HUE_VARIATION ok=1
Cmd: compileSnippet
  api=0 type=1 insize=73109 outsize=6 kw=DIRECTIONAL EFFECT_HUE_VARIATION ok=1
Cmd: compileSnippet
  api=0 type=1 insize=73109 outsize=6 kw=SPOT EFFECT_HUE_VARIATION ok=1
Cmd: compileSnippet
  api=4 type=1 insize=73109 outsize=3232 kw=SPOT EFFECT_HUE_VARIATION ok=1
Cmd: compileSnippet
  api=0 type=1 insize=73109 outsize=6 kw=SPOT EFFECT_BUMP ok=1
Cmd: compileSnippet
  api=0 type=1 insize=73109 outsize=6 kw=POINT_COOKIE EFFECT_BUMP ok=1
Cmd: compileSnippet
  api=4 type=1 insize=73109 outsize=3151 kw=POINT_COOKIE EFFECT_BUMP ok=1
Cmd: compileSnippet
  api=4 type=1 insize=73109 outsize=4020 kw=SPOT EFFECT_BUMP EFFECT_HUE_VARIATION ok=1
Cmd: compileSnippet
  api=4 type=1 insize=73109 outsize=1396 kw=DIRECTIONAL BILLBOARD_FACE_CAMERA_POS ok=1
Cmd: compileSnippet
  api=1 type=1 insize=73109 outsize=755 kw=POINT EFFECT_HUE_VARIATION BILLBOARD_FACE_CAMERA_POS ok=1
Cmd: compileSnippet
  api=4 type=1 insize=73109 outsize=2923 kw=POINT_COOKIE EFFECT_HUE_VARIATION BILLBOARD_FACE_CAMERA_POS ok=1
Cmd: compileSnippet
  api=1 type=1 insize=73109 outsize=959 kw=SPOT EFFECT_BUMP BILLBOARD_FACE_CAMERA_POS ok=1
Cmd: compileSnippet
  api=0 type=1 insize=73109 outsize=6 kw=DIRECTIONAL EFFECT_BUMP EFFECT_HUE_VARIATION BILLBOARD_FACE_CAMERA_POS ok=1
Cmd: compileSnippet
  api=1 type=1 insize=73109 outsize=1169 kw=SPOT EFFECT_BUMP EFFECT_HUE_VARIATION BILLBOARD_FACE_CAMERA_POS ok=1
Cmd: compileSnippet
  api=0 type=1 insize=73109 outsize=6 kw=DIRECTIONAL LOD_FADE_CROSSFADE ok=1
Cmd: compileSnippet
  api=0 type=1 insize=73109 outsize=6 kw=SPOT LOD_FADE_CROSSFADE ok=1
Cmd: compileSnippet
  api=0 type=1 insize=73109 outsize=6 kw=POINT_COOKIE LOD_FADE_CROSSFADE ok=1
Cmd: compileSnippet
  api=4 type=1 insize=73109 outsize=2915 kw=POINT_COOKIE LOD_FADE_CROSSFADE ok=1
Cmd: compileSnippet
  api=1 type=1 insize=73109 outsize=1118 kw=SPOT LOD_FADE_CROSSFADE EFFECT_HUE_VARIATION ok=1
Cmd: compileSnippet
  api=0 type=1 insize=73109 outsize=6 kw=DIRECTIONAL LOD_FADE_CROSSFADE EFFECT_BUMP ok=1
Cmd: compileSnippet
  api=0 type=1 insize=73109 outsize=6 kw=SPOT LOD_FADE_CROSSFADE EFFECT_BUMP ok=1
Cmd: compileSnippet
  api=0 type=1 insize=73109 outsize=6 kw=POINT_COOKIE LOD_FADE_CROSSFADE EFFECT_BUMP ok=1
Cmd: compileSnippet
  api=0 type=1 insize=73109 outsize=6 kw=DIRECTIONAL_COOKIE LOD_FADE_CROSSFADE EFFECT_BUMP ok=1
Cmd: compileSnippet
  api=4 type=1 insize=73109 outsize=3240 kw=DIRECTIONAL_COOKIE LOD_FADE_CROSSFADE EFFECT_BUMP ok=1
Cmd: compileSnippet
  api=1 type=1 insize=73109 outsize=1293 kw=POINT_COOKIE LOD_FADE_CROSSFADE EFFECT_BUMP EFFECT_HUE_VARIATION ok=1
Cmd: compileSnippet
  api=1 type=1 insize=73109 outsize=509 kw=DIRECTIONAL LOD_FADE_CROSSFADE BILLBOARD_FACE_CAMERA_POS ok=1
Cmd: compileSnippet
  api=4 type=1 insize=73109 outsize=2452 kw=DIRECTIONAL_COOKIE LOD_FADE_CROSSFADE BILLBOARD_FACE_CAMERA_POS ok=1
Cmd: compileSnippet
  api=0 type=1 insize=73109 outsize=6 kw=DIRECTIONAL_COOKIE LOD_FADE_CROSSFADE EFFECT_HUE_VARIATION BILLBOARD_FACE_CAMERA_POS ok=1
Cmd: compileSnippet
  api=4 type=1 insize=73109 outsize=3013 kw=DIRECTIONAL_COOKIE LOD_FADE_CROSSFADE EFFECT_HUE_VARIATION BILLBOARD_FACE_CAMERA_POS ok=1
Cmd: compileSnippet
  api=1 type=1 insize=73109 outsize=1064 kw=POINT_COOKIE LOD_FADE_CROSSFADE EFFECT_BUMP BILLBOARD_FACE_CAMERA_POS ok=1
Cmd: compileSnippet
  api=0 type=1 insize=73109 outsize=6 kw=SPOT LOD_FADE_CROSSFADE EFFECT_BUMP EFFECT_HUE_VARIATION BILLBOARD_FACE_CAMERA_POS ok=1
Cmd: compileSnippet
  api=0 type=1 insize=73109 outsize=6 kw=POINT_COOKIE LOD_FADE_CROSSFADE EFFECT_BUMP EFFECT_HUE_VARIATION BILLBOARD_FACE_CAMERA_POS ok=1
Cmd: compileSnippet
  api=4 type=1 insize=73109 outsize=4264 kw=POINT_COOKIE LOD_FADE_CROSSFADE EFFECT_BUMP EFFECT_HUE_VARIATION BILLBOARD_FACE_CAMERA_POS ok=1
Cmd: compileSnippet
  api=1 type=0 insize=63230 outsize=2228 kw=EFFECT_HUE_VARIATION ok=1
Cmd: compileSnippet
  api=0 type=0 insize=63230 outsize=5771 kw=EFFECT_BUMP EFFECT_HUE_VARIATION ok=1
Cmd: compileSnippet
  api=0 type=0 insize=63230 outsize=5253 kw=LOD_FADE_CROSSFADE ok=1
Cmd: compileSnippet
  api=0 type=0 insize=63230 outsize=6588 kw=LOD_FADE_CROSSFADE BILLBOARD_FACE_CAMERA_POS ok=1
Cmd: compileSnippet
  api=0 type=1 insize=63230 outsize=6 kw=EFFECT_BUMP ok=1
Cmd: compileSnippet
  api=1 type=1 insize=63230 outsize=487 kw=EFFECT_BUMP EFFECT_HUE_VARIATION ok=1
Cmd: compileSnippet
  api=1 type=1 insize=63230 outsize=487 kw=EFFECT_BUMP BILLBOARD_FACE_CAMERA_POS ok=1
Cmd: compileSnippet
  api=4 type=1 insize=63230 outsize=1721 kw=LOD_FADE_CROSSFADE EFFECT_HUE_VARIATION ok=1
Cmd: compileSnippet
  api=1 type=1 insize=63230 outsize=405 kw=LOD_FADE_CROSSFADE EFFECT_HUE_VARIATION BILLBOARD_FACE_CAMERA_POS ok=1
Cmd: compileSnippet
  api=1 type=0 insize=100459 outsize=2530 kw=LIGHTMAP_OFF DIRLIGHTMAP_OFF DYNAMICLIGHTMAP_OFF HDR_LIGHT_PREPASS_OFF ok=1
Cmd: compileSnippet
  api=0 type=0 insize=100459 outsize=6434 kw=LIGHTMAP_OFF DIRLIGHTMAP_OFF DYNAMICLIGHTMAP_OFF UNITY_HDR_ON EFFECT_HUE_VARIATION ok=1
Cmd: compileSnippet
  api=0 type=0 insize=100459 outsize=7285 kw=LIGHTMAP_OFF DIRLIGHTMAP_OFF DYNAMICLIGHTMAP_OFF HDR_LIGHT_PREPASS_OFF BILLBOARD_FACE_CAMERA_POS ok=1
Cmd: compileSnippet
  api=1 type=0 insize=100459 outsize=3384 kw=LIGHTMAP_OFF DIRLIGHTMAP_OFF DYNAMICLIGHTMAP_OFF EFFECT_BUMP HDR_LIGHT_PREPASS_OFF BILLBOARD_FACE_CAMERA_POS ok=1
Cmd: compileSnippet
  api=0 type=0 insize=100459 outsize=7778 kw=LIGHTMAP_OFF DIRLIGHTMAP_OFF DYNAMICLIGHTMAP_OFF EFFECT_BUMP EFFECT_HUE_VARIATION HDR_LIGHT_PREPASS_OFF BILLBOARD_FACE_CAMERA_POS ok=1
Cmd: compileSnippet
  api=4 type=0 insize=100459 outsize=9204 kw=LIGHTMAP_OFF DIRLIGHTMAP_OFF DYNAMICLIGHTMAP_OFF LOD_FADE_CROSSFADE EFFECT_HUE_VARIATION HDR_LIGHT_PREPASS_OFF ok=1
Cmd: compileSnippet
  api=0 type=0 insize=100459 outsize=6811 kw=LIGHTMAP_OFF DIRLIGHTMAP_OFF DYNAMICLIGHTMAP_OFF UNITY_HDR_ON LOD_FADE_CROSSFADE EFFECT_BUMP ok=1
Cmd: compileSnippet
  api=1 type=0 insize=100459 outsize=3472 kw=LIGHTMAP_OFF DIRLIGHTMAP_OFF DYNAMICLIGHTMAP_OFF UNITY_HDR_ON LOD_FADE_CROSSFADE BILLBOARD_FACE_CAMERA_POS ok=1
Cmd: compileSnippet
  api=0 type=0 insize=100459 outsize=8653 kw=LIGHTMAP_OFF DIRLIGHTMAP_OFF DYNAMICLIGHTMAP_OFF UNITY_HDR_ON LOD_FADE_CROSSFADE EFFECT_HUE_VARIATION BILLBOARD_FACE_CAMERA_POS ok=1
Cmd: compileSnippet
  api=4 type=0 insize=100459 outsize=11097 kw=LIGHTMAP_OFF DIRLIGHTMAP_OFF DYNAMICLIGHTMAP_OFF UNITY_HDR_ON LOD_FADE_CROSSFADE EFFECT_BUMP EFFECT_HUE_VARIATION BILLBOARD_FACE_CAMERA_POS ok=1
Cmd: compileSnippet
  api=4 type=1 insize=100459 outsize=1591 kw=LIGHTMAP_OFF DIRLIGHTMAP_OFF DYNAMICLIGHTMAP_OFF HDR_LIGHT_PREPASS_OFF ok=1
Cmd: compileSnippet
  api=1 type=1 insize=100459 outsize=314 kw=LIGHTMAP_OFF DIRLIGHTMAP_OFF DYNAMICLIGHTMAP_OFF UNITY_HDR_ON EFFECT_BUMP ok=1
Cmd: compileSnippet
  api=1 type=1 insize=100459 outsize=369 kw=LIGHTMAP_OFF DIRLIGHTMAP_OFF DYNAMICLIGHTMAP_OFF HDR_LIGHT_PREPASS_OFF BILLBOARD_FACE_CAMERA_POS ok=1
Cmd: compileSnippet
  api=1 type=1 insize=100459 outsize=538 kw=LIGHTMAP_OFF DIRLIGHTMAP_OFF DYNAMICLIGHTMAP_OFF UNITY_HDR_ON EFFECT_HUE_VARIATION BILLBOARD_FACE_CAMERA_POS ok=1
Cmd: compileSnippet
  api=4 type=1 insize=100459 outsize=2152 kw=LIGHTMAP_OFF DIRLIGHTMAP_OFF DYNAMICLIGHTMAP_OFF EFFECT_BUMP EFFECT_HUE_VARIATION HDR_LIGHT_PREPASS_OFF BILLBOARD_FACE_CAMERA_POS ok=1
Cmd: compileSnippet
  api=1 type=1 insize=100459 outsize=788 kw=LIGHTMAP_OFF DIRLIGHTMAP_OFF DYNAMICLIGHTMAP_OFF LOD_FADE_CROSSFADE EFFECT_HUE_VARIATION HDR_LIGHT_PREPASS_OFF ok=1
Cmd: compileSnippet
  api=4 type=1 insize=100459 outsize=2095 kw=LIGHTMAP_OFF DIRLIGHTMAP_OFF DYNAMICLIGHTMAP_OFF UNITY_HDR_ON LOD_FADE_CROSSFADE EFFECT_BUMP ok=1
Cmd: compileSnippet
  api=0 type=1 insize=100459 outsize=6 kw=LIGHTMAP_OFF DIRLIGHTMAP_OFF DYNAMICLIGHTMAP_OFF UNITY_HDR_ON LOD_FADE_CROSSFADE BILLBOARD_FACE_CAMERA_POS ok=1
Cmd: compileSnippet
  api=0 type=1 insize=100459 outsize=6 kw=LIGHTMAP_OFF DIRLIGHTMAP_OFF DYNAMICLIGHTMAP_OFF LOD_FADE_CROSSFADE EFFECT_HUE_VARIATION HDR_LIGHT_PREPASS_OFF BILLBOARD_FACE_CAMERA_POS ok=1
Cmd: compileSnippet
  api=4 type=1 insize=100459 outsize=2655 kw=LIGHTMAP_OFF DIRLIGHTMAP_OFF DYNAMICLIGHTMAP_OFF UNITY_HDR_ON LOD_FADE_CROSSFADE EFFECT_HUE_VARIATION BILLBOARD_FACE_CAMERA_POS ok=1
Cmd: compileSnippet
  api=0 type=1 insize=100459 outsize=6 kw=LIGHTMAP_OFF DIRLIGHTMAP_OFF DYNAMICLIGHTMAP_OFF UNITY_HDR_ON LOD_FADE_CROSSFADE EFFECT_BUMP EFFECT_HUE_VARIATION BILLBOARD_FACE_CAMERA_POS ok=1
Cmd: compileSnippet
  api=0 type=0 insize=108481 outsize=6416 kw=LIGHTMAP_OFF DIRLIGHTMAP_OFF DYNAMICLIGHTMAP_OFF EFFECT_HUE_VARIATION HDR_LIGHT_PREPASS_OFF ok=1
Cmd: compileSnippet
  api=4 type=0 insize=108481 outsize=8920 kw=LIGHTMAP_OFF DIRLIGHTMAP_OFF DYNAMICLIGHTMAP_OFF EFFECT_BUMP EFFECT_HUE_VARIATION HDR_LIGHT_PREPASS_OFF ok=1
Cmd: compileSnippet
  api=1 type=0 insize=108481 outsize=3182 kw=LIGHTMAP_OFF DIRLIGHTMAP_OFF DYNAMICLIGHTMAP_OFF HDR_LIGHT_PREPASS_OFF BILLBOARD_FACE_CAMERA_POS ok=1
Cmd: compileSnippet
  api=4 type=0 insize=108481 outsize=9578 kw=LIGHTMAP_OFF DIRLIGHTMAP_OFF DYNAMICLIGHTMAP_OFF UNITY_HDR_ON BILLBOARD_FACE_CAMERA_POS ok=1
Cmd: compileSnippet
  api=0 type=0 insize=108481 outsize=7640 kw=LIGHTMAP_OFF DIRLIGHTMAP_OFF DYNAMICLIGHTMAP_OFF UNITY_HDR_ON EFFECT_HUE_VARIATION BILLBOARD_FACE_CAMERA_POS ok=1
Cmd: compileSnippet
  api=0 type=0 insize=108481 outsize=6826 kw=LIGHTMAP_OFF DIRLIGHTMAP_OFF DYNAMICLIGHTMAP_OFF LOD_FADE_CROSSFADE HDR_LIGHT_PREPASS_OFF ok=1
Cmd: compileSnippet
  api=0 type=0 insize=108481 outsize=7959 kw=LIGHTMAP_OFF DIRLIGHTMAP_OFF DYNAMICLIGHTMAP_OFF UNITY_HDR_ON LOD_FADE_CROSSFADE EFFECT_BUMP ok=1
Cmd: compileSnippet
  api=0 type=0 insize=108481 outsize=8668 kw=LIGHTMAP_OFF DIRLIGHTMAP_OFF DYNAMICLIGHTMAP_OFF LOD_FADE_CROSSFADE EFFECT_HUE_VARIATION HDR_LIGHT_PREPASS_OFF BILLBOARD_FACE_CAMERA_POS ok=1
Cmd: compileSnippet
  api=0 type=0 insize=108481 outsize=9795 kw=LIGHTMAP_OFF DIRLIGHTMAP_OFF DYNAMICLIGHTMAP_OFF UNITY_HDR_ON LOD_FADE_CROSSFADE EFFECT_BUMP EFFECT_HUE_VARIATION BILLBOARD_FACE_CAMERA_POS ok=1
Cmd: compileSnippet
  api=0 type=1 insize=108481 outsize=6 kw=LIGHTMAP_OFF DIRLIGHTMAP_OFF DYNAMICLIGHTMAP_OFF EFFECT_HUE_VARIATION HDR_LIGHT_PREPASS_OFF ok=1
Cmd: compileSnippet
  api=0 type=1 insize=108481 outsize=6 kw=LIGHTMAP_OFF DIRLIGHTMAP_OFF DYNAMICLIGHTMAP_OFF UNITY_HDR_ON EFFECT_BUMP ok=1
Cmd: compileSnippet
  api=0 type=1 insize=108481 outsize=6 kw=LIGHTMAP_OFF DIRLIGHTMAP_OFF DYNAMICLIGHTMAP_OFF EFFECT_BUMP EFFECT_HUE_VARIATION HDR_LIGHT_PREPASS_OFF ok=1
Cmd: compileSnippet
  api=4 type=1 insize=108481 outsize=3460 kw=LIGHTMAP_OFF DIRLIGHTMAP_OFF DYNAMICLIGHTMAP_OFF EFFECT_BUMP EFFECT_HUE_VARIATION HDR_LIGHT_PREPASS_OFF ok=1
Cmd: compileSnippet
  api=1 type=1 insize=108481 outsize=765 kw=LIGHTMAP_OFF DIRLIGHTMAP_OFF DYNAMICLIGHTMAP_OFF EFFECT_HUE_VARIATION HDR_LIGHT_PREPASS_OFF BILLBOARD_FACE_CAMERA_POS ok=1
Cmd: compileSnippet
  api=0 type=1 insize=108481 outsize=6 kw=LIGHTMAP_OFF DIRLIGHTMAP_OFF DYNAMICLIGHTMAP_OFF EFFECT_BUMP EFFECT_HUE_VARIATION HDR_LIGHT_PREPASS_OFF BILLBOARD_FACE_CAMERA_POS ok=1
Cmd: compileSnippet
  api=0 type=1 insize=108481 outsize=6 kw=LIGHTMAP_OFF DIRLIGHTMAP_OFF DYNAMICLIGHTMAP_OFF UNITY_HDR_ON EFFECT_BUMP EFFECT_HUE_VARIATION BILLBOARD_FACE_CAMERA_POS ok=1
Cmd: compileSnippet
  api=1 type=1 insize=108481 outsize=744 kw=LIGHTMAP_OFF DIRLIGHTMAP_OFF DYNAMICLIGHTMAP_OFF LOD_FADE_CROSSFADE HDR_LIGHT_PREPASS_OFF ok=1
Cmd: compileSnippet
  api=4 type=1 insize=108481 outsize=3305 kw=LIGHTMAP_OFF DIRLIGHTMAP_OFF DYNAMICLIGHTMAP_OFF UNITY_HDR_ON LOD_FADE_CROSSFADE EFFECT_HUE_VARIATION ok=1
Cmd: compileSnippet
  api=0 type=1 insize=108481 outsize=6 kw=LIGHTMAP_OFF DIRLIGHTMAP_OFF DYNAMICLIGHTMAP_OFF UNITY_HDR_ON LOD_FADE_CROSSFADE EFFECT_BUMP EFFECT_HUE_VARIATION ok=1
Cmd: compileSnippet
  api=0 type=1 insize=108481 outsize=6 kw=LIGHTMAP_OFF DIRLIGHTMAP_OFF DYNAMICLIGHTMAP_OFF LOD_FADE_CROSSFADE HDR_LIGHT_PREPASS_OFF BILLBOARD_FACE_CAMERA_POS ok=1
Cmd: compileSnippet
  api=0 type=1 insize=108481 outsize=6 kw=LIGHTMAP_OFF DIRLIGHTMAP_OFF DYNAMICLIGHTMAP_OFF UNITY_HDR_ON LOD_FADE_CROSSFADE BILLBOARD_FACE_CAMERA_POS ok=1
Cmd: compileSnippet
  api=0 type=1 insize=108481 outsize=6 kw=LIGHTMAP_OFF DIRLIGHTMAP_OFF DYNAMICLIGHTMAP_OFF LOD_FADE_CROSSFADE EFFECT_HUE_VARIATION HDR_LIGHT_PREPASS_OFF BILLBOARD_FACE_CAMERA_POS ok=1
Cmd: compileSnippet
  api=0 type=1 insize=108481 outsize=6 kw=LIGHTMAP_OFF DIRLIGHTMAP_OFF DYNAMICLIGHTMAP_OFF UNITY_HDR_ON LOD_FADE_CROSSFADE EFFECT_HUE_VARIATION BILLBOARD_FACE_CAMERA_POS ok=1
Cmd: compileSnippet
  api=1 type=1 insize=108481 outsize=995 kw=LIGHTMAP_OFF DIRLIGHTMAP_OFF DYNAMICLIGHTMAP_OFF LOD_FADE_CROSSFADE EFFECT_BUMP HDR_LIGHT_PREPASS_OFF BILLBOARD_FACE_CAMERA_POS ok=1
Cmd: compileSnippet
  api=4 type=1 insize=108481 outsize=3963 kw=LIGHTMAP_OFF DIRLIGHTMAP_OFF DYNAMICLIGHTMAP_OFF UNITY_HDR_ON LOD_FADE_CROSSFADE EFFECT_BUMP EFFECT_HUE_VARIATION BILLBOARD_FACE_CAMERA_POS ok=1
Cmd: compileSnippet
  api=1 type=0 insize=1172 outsize=4278 kw=BILLBOARD_FACE_CAMERA_POS ok=1
Cmd: compileSnippet
  api=4 type=0 insize=1172 outsize=10073 kw=EFFECT_HUE_VARIATION BILLBOARD_FACE_CAMERA_POS ok=1
Cmd: compileSnippet
  api=0 type=0 insize=1172 outsize=8079 kw=LOD_FADE_CROSSFADE EFFECT_HUE_VARIATION ok=1
Cmd: compileSnippet
  api=0 type=1 insize=1172 outsize=6 kw=BILLBOARD_FACE_CAMERA_POS ok=1
Cmd: compileSnippet
  api=1 type=1 insize=1172 outsize=449 kw=EFFECT_HUE_VARIATION BILLBOARD_FACE_CAMERA_POS ok=1
Cmd: compileSnippet
  api=0 type=1 insize=1172 outsize=6 kw=LOD_FADE_CROSSFADE BILLBOARD_FACE_CAMERA_POS ok=1
Cmd: compileSnippet
  api=1 type=1 insize=1172 outsize=420 kw=LOD_FADE_CROSSFADE BILLBOARD_FACE_CAMERA_POS ok=1
Cmd: compileSnippet
  api=8 type=0 insize=13954 outsize=8320 kw=DIRECTIONAL SHADOWS_OFF LIGHTMAP_OFF DIRLIGHTMAP_OFF DYNAMICLIGHTMAP_OFF ok=1
Cmd: compileSnippet
  api=1 type=0 insize=13954 outsize=2126 kw=DIRECTIONAL SHADOWS_SCREEN LIGHTMAP_OFF DIRLIGHTMAP_OFF DYNAMICLIGHTMAP_OFF VERTEXLIGHT_ON ok=1
Cmd: compileSnippet
  api=8 type=0 insize=13954 outsize=11725 kw=DIRECTIONAL SHADOWS_SCREEN SHADOWS_NATIVE LIGHTMAP_OFF DIRLIGHTMAP_OFF DYNAMICLIGHTMAP_OFF VERTEXLIGHT_ON ok=1
Cmd: compileSnippet
  api=0 type=0 insize=13954 outsize=6251 kw=DIRECTIONAL SHADOWS_OFF LIGHTMAP_OFF DIRLIGHTMAP_OFF DYNAMICLIGHTMAP_OFF VERTEXLIGHT_ON EFFECT_BUMP ok=1
Cmd: compileSnippet
  api=4 type=1 insize=13954 outsize=1859 kw=DIRECTIONAL SHADOWS_SCREEN LIGHTMAP_OFF DIRLIGHTMAP_OFF DYNAMICLIGHTMAP_OFF ok=1
Cmd: compileSnippet
  api=8 type=1 insize=13954 outsize=4152 kw=DIRECTIONAL SHADOWS_SCREEN SHADOWS_NATIVE LIGHTMAP_OFF DIRLIGHTMAP_OFF DYNAMICLIGHTMAP_OFF EFFECT_BUMP ok=1
Cmd: compileSnippet
  api=8 type=0 insize=8639 outsize=6980 kw=DIRECTIONAL ok=1
Cmd: compileSnippet
  api=1 type=0 insize=8639 outsize=1272 kw=POINT_COOKIE ok=1
Cmd: compileSnippet
  api=0 type=0 insize=8639 outsize=3441 kw=DIRECTIONAL_COOKIE ok=1
Cmd: compileSnippet
  api=0 type=0 insize=8639 outsize=4826 kw=POINT_COOKIE EFFECT_BUMP ok=1
Cmd: compileSnippet
  api=4 type=1 insize=8639 outsize=1396 kw=DIRECTIONAL ok=1
Cmd: compileSnippet
  api=0 type=1 insize=8639 outsize=6 kw=POINT_COOKIE ok=1
Cmd: compileSnippet
  api=8 type=1 insize=8639 outsize=3518 kw=POINT_COOKIE ok=1
Cmd: compileSnippet
  api=0 type=1 insize=8639 outsize=6 kw=SPOT EFFECT_BUMP ok=1
Cmd: compileSnippet
  api=4 type=1 insize=8639 outsize=3460 kw=SPOT EFFECT_BUMP ok=1
Cmd: compileSnippet
  api=4 type=0 insize=7335 outsize=4581 kw= ok=1
Cmd: compileSnippet
  api=8 type=1 insize=7335 outsize=2852 kw=EFFECT_BUMP ok=1
Cmd: compileSnippet
  api=8 type=0 insize=12062 outsize=8970 kw=LIGHTMAP_OFF DIRLIGHTMAP_OFF DYNAMICLIGHTMAP_OFF UNITY_HDR_ON ok=1
Cmd: compileSnippet
  api=4 type=0 insize=12062 outsize=5962 kw=LIGHTMAP_OFF DIRLIGHTMAP_OFF DYNAMICLIGHTMAP_OFF UNITY_HDR_ON EFFECT_BUMP ok=1
Cmd: compileSnippet
  api=4 type=1 insize=12062 outsize=1542 kw=LIGHTMAP_OFF DIRLIGHTMAP_OFF DYNAMICLIGHTMAP_OFF UNITY_HDR_ON ok=1
Cmd: compileSnippet
  api=0 type=1 insize=12062 outsize=6 kw=LIGHTMAP_OFF DIRLIGHTMAP_OFF DYNAMICLIGHTMAP_OFF UNITY_HDR_ON EFFECT_BUMP ok=1
Cmd: compileSnippet
  api=4 type=1 insize=12062 outsize=1542 kw=LIGHTMAP_OFF DIRLIGHTMAP_OFF DYNAMICLIGHTMAP_OFF UNITY_HDR_ON EFFECT_BUMP ok=1
Cmd: compileSnippet
  api=1 type=0 insize=13071 outsize=1508 kw=LIGHTMAP_OFF DIRLIGHTMAP_OFF DYNAMICLIGHTMAP_OFF UNITY_HDR_ON ok=1
Cmd: compileSnippet
  api=0 type=0 insize=13071 outsize=5641 kw=LIGHTMAP_OFF DIRLIGHTMAP_OFF DYNAMICLIGHTMAP_OFF EFFECT_BUMP HDR_LIGHT_PREPASS_OFF ok=1
Cmd: compileSnippet
  api=8 type=1 insize=13071 outsize=2568 kw=LIGHTMAP_OFF DIRLIGHTMAP_OFF DYNAMICLIGHTMAP_OFF UNITY_HDR_ON ok=1
Cmd: compileSnippet
  api=8 type=0 insize=977 outsize=8052 kw= ok=1
Cmd: compileSnippet
  api=0 type=0 insize=541 outsize=1880 kw=SHADOWS_DEPTH ok=1
Cmd: compileSnippet
  api=8 type=1 insize=541 outsize=992 kw=SHADOWS_CUBE ok=1
Cmd: compileSnippet
  api=0 type=0 insize=6810 outsize=2758 kw=DIRECTIONAL SHADOWS_SCREEN LIGHTMAP_OFF DIRLIGHTMAP_OFF DYNAMICLIGHTMAP_OFF ok=1
Cmd: compileSnippet
  api=0 type=0 insize=6810 outsize=2509 kw=DIRECTIONAL SHADOWS_SCREEN LIGHTMAP_OFF DIRLIGHTMAP_OFF DYNAMICLIGHTMAP_ON VERTEXLIGHT_ON ok=1
Cmd: compileSnippet
  api=0 type=1 insize=6810 outsize=6 kw=DIRECTIONAL SHADOWS_SCREEN LIGHTMAP_OFF DIRLIGHTMAP_OFF DYNAMICLIGHTMAP_OFF ok=1
Cmd: compileSnippet
  api=1 type=1 insize=6810 outsize=562 kw=DIRECTIONAL SHADOWS_SCREEN LIGHTMAP_OFF DIRLIGHTMAP_OFF DYNAMICLIGHTMAP_ON ok=1
Cmd: compileSnippet
  api=8 type=0 insize=3647 outsize=3876 kw=POINT ok=1
Cmd: compileSnippet
  api=1 type=0 insize=3647 outsize=339 kw=POINT_COOKIE ok=1
Cmd: compileSnippet
  api=0 type=0 insize=3647 outsize=1707 kw=DIRECTIONAL_COOKIE ok=1
Cmd: compileSnippet
  api=8 type=1 insize=3647 outsize=1723 kw=DIRECTIONAL ok=1
Cmd: compileSnippet
  api=4 type=1 insize=3647 outsize=1656 kw=DIRECTIONAL_COOKIE ok=1
Cmd: compileSnippet
  api=4 type=0 insize=5974 outsize=4061 kw=LIGHTMAP_OFF DIRLIGHTMAP_OFF DYNAMICLIGHTMAP_OFF HDR_LIGHT_PREPASS_OFF ok=1
Cmd: compileSnippet
  api=8 type=0 insize=5974 outsize=5810 kw=LIGHTMAP_OFF DIRLIGHTMAP_OFF DYNAMICLIGHTMAP_OFF UNITY_HDR_ON ok=1
Cmd: compileSnippet
  api=4 type=1 insize=5974 outsize=1347 kw=LIGHTMAP_OFF DIRLIGHTMAP_OFF DYNAMICLIGHTMAP_OFF HDR_LIGHT_PREPASS_OFF ok=1
Cmd: compileSnippet
  api=1 type=1 insize=5974 outsize=485 kw=LIGHTMAP_OFF DIRLIGHTMAP_OFF DYNAMICLIGHTMAP_ON UNITY_HDR_ON ok=1
Cmd: compileSnippet
  api=1 type=0 insize=5928 outsize=508 kw=LIGHTMAP_OFF DIRLIGHTMAP_OFF DYNAMICLIGHTMAP_ON HDR_LIGHT_PREPASS_OFF ok=1
Cmd: compileSnippet
  api=1 type=0 insize=5928 outsize=595 kw=LIGHTMAP_OFF DIRLIGHTMAP_OFF DYNAMICLIGHTMAP_OFF UNITY_HDR_ON ok=1
Cmd: compileSnippet
  api=1 type=0 insize=5928 outsize=508 kw=LIGHTMAP_OFF DIRLIGHTMAP_OFF DYNAMICLIGHTMAP_ON UNITY_HDR_ON ok=1
Cmd: compileSnippet
  api=0 type=1 insize=5928 outsize=6 kw=LIGHTMAP_OFF DIRLIGHTMAP_OFF DYNAMICLIGHTMAP_OFF HDR_LIGHT_PREPASS_OFF ok=1
Cmd: compileSnippet
  api=4 type=1 insize=5928 outsize=1583 kw=LIGHTMAP_OFF DIRLIGHTMAP_OFF DYNAMICLIGHTMAP_OFF UNITY_HDR_ON ok=1
Cmd: compileSnippet
  api=4 type=0 insize=2996 outsize=2468 kw= ok=1
Cmd: compileSnippet
  api=1 type=0 insize=1275 outsize=441 kw=POINT SHADOWS_OFF ok=1
Cmd: compileSnippet
  api=0 type=0 insize=1275 outsize=2950 kw=POINT_COOKIE SHADOWS_OFF ok=1
Cmd: compileSnippet
  api=1 type=0 insize=1275 outsize=441 kw=POINT SHADOWS_CUBE ok=1
Cmd: compileSnippet
  api=0 type=0 insize=1275 outsize=3484 kw=POINT_COOKIE SHADOWS_CUBE ok=1
Cmd: compileSnippet
  api=0 type=1 insize=1275 outsize=6 kw=DIRECTIONAL SHADOWS_OFF ok=1
Cmd: compileSnippet
  api=1 type=1 insize=1275 outsize=1555 kw=POINT_COOKIE SHADOWS_OFF ok=1
Cmd: compileSnippet
  api=1 type=1 insize=1275 outsize=1777 kw=SPOT SHADOWS_DEPTH SHADOWS_NATIVE ok=1
Cmd: compileSnippet
  api=0 type=1 insize=1275 outsize=6 kw=SPOT SHADOWS_DEPTH SHADOWS_SOFT SHADOWS_NATIVE ok=1
Cmd: compileSnippet
  api=4 type=1 insize=1275 outsize=6653 kw=SPOT SHADOWS_DEPTH SHADOWS_SOFT SHADOWS_NATIVE ok=1
Cmd: compileSnippet
  api=1 type=0 insize=1268 outsize=441 kw=DIRECTIONAL SHADOWS_OFF ok=1
Cmd: compileSnippet
  api=4 type=0 insize=1268 outsize=1940 kw=SPOT SHADOWS_OFF ok=1
Cmd: compileSnippet
  api=4 type=0 insize=1268 outsize=1940 kw=DIRECTIONAL_COOKIE SHADOWS_OFF ok=1
Cmd: compileSnippet
  api=4 type=0 insize=1268 outsize=1940 kw=SPOT SHADOWS_DEPTH SHADOWS_NATIVE ok=1
Cmd: compileSnippet
  api=1 type=0 insize=1268 outsize=441 kw=DIRECTIONAL SHADOWS_SCREEN ok=1
Cmd: compileSnippet
  api=4 type=0 insize=1268 outsize=1940 kw=DIRECTIONAL SHADOWS_SCREEN ok=1
Cmd: compileSnippet
  api=0 type=0 insize=1268 outsize=3009 kw=DIRECTIONAL_COOKIE SHADOWS_SCREEN ok=1
Cmd: compileSnippet
  api=0 type=1 insize=1268 outsize=6 kw=SPOT SHADOWS_OFF ok=1
Cmd: compileSnippet
  api=1 type=1 insize=1268 outsize=1476 kw=POINT_COOKIE SHADOWS_OFF ok=1
Cmd: compileSnippet
  api=4 type=1 insize=1268 outsize=5995 kw=SPOT SHADOWS_DEPTH SHADOWS_NATIVE ok=1
Cmd: compileSnippet
  api=4 type=1 insize=1268 outsize=5743 kw=POINT SHADOWS_CUBE SHADOWS_SOFT ok=1
Cmd: compileSnippet
  api=1 type=0 insize=1273 outsize=441 kw=DIRECTIONAL SHADOWS_OFF ok=1
Cmd: compileSnippet
  api=0 type=0 insize=1273 outsize=2946 kw=POINT_COOKIE SHADOWS_OFF ok=1
Cmd: compileSnippet
  api=4 type=0 insize=1273 outsize=1940 kw=POINT SHADOWS_CUBE ok=1
Cmd: compileSnippet
  api=0 type=0 insize=1273 outsize=4122 kw=SPOT SHADOWS_DEPTH SHADOWS_SOFT SHADOWS_NATIVE ok=1
Cmd: compileSnippet
  api=1 type=1 insize=1273 outsize=1525 kw=SPOT SHADOWS_OFF ok=1
Cmd: compileSnippet
  api=0 type=1 insize=1273 outsize=6 kw=DIRECTIONAL_COOKIE SHADOWS_OFF ok=1
Cmd: compileSnippet
  api=1 type=1 insize=1273 outsize=1318 kw=DIRECTIONAL_COOKIE SHADOWS_OFF ok=1
Cmd: compileSnippet
  api=0 type=1 insize=1273 outsize=6 kw=DIRECTIONAL SHADOWS_SCREEN ok=1
Cmd: compileSnippet
  api=4 type=1 insize=1273 outsize=4191 kw=DIRECTIONAL SHADOWS_SCREEN ok=1
Cmd: compileSnippet
  api=4 type=1 insize=1273 outsize=6604 kw=SPOT SHADOWS_DEPTH SHADOWS_SOFT SHADOWS_NATIVE ok=1
Cmd: compileSnippet
  api=4 type=0 insize=1934 outsize=1940 kw=DIRECTIONAL SHADOWS_OFF ok=1
Cmd: compileSnippet
  api=4 type=0 insize=1934 outsize=1940 kw=POINT_COOKIE SHADOWS_OFF ok=1
Cmd: compileSnippet
  api=0 type=0 insize=1934 outsize=4689 kw=SPOT SHADOWS_DEPTH SHADOWS_NATIVE ok=1
Cmd: compileSnippet
  api=4 type=0 insize=1934 outsize=1940 kw=SPOT SHADOWS_DEPTH SHADOWS_SOFT SHADOWS_NATIVE ok=1
Cmd: compileSnippet
  api=0 type=0 insize=1934 outsize=5334 kw=POINT_COOKIE SHADOWS_CUBE SHADOWS_SOFT ok=1
Cmd: compileSnippet
  api=1 type=0 insize=1934 outsize=441 kw=SPOT SHADOWS_DEPTH SHADOWS_NATIVE UNITY_HDR_ON ok=1
Cmd: compileSnippet
  api=1 type=0 insize=1934 outsize=441 kw=DIRECTIONAL SHADOWS_SCREEN UNITY_HDR_ON ok=1
Cmd: compileSnippet
  api=1 type=0 insize=1934 outsize=441 kw=DIRECTIONAL_COOKIE SHADOWS_SCREEN UNITY_HDR_ON ok=1
Cmd: compileSnippet
  api=0 type=0 insize=1934 outsize=4207 kw=POINT SHADOWS_CUBE UNITY_HDR_ON ok=1
Cmd: compileSnippet
  api=0 type=1 insize=1934 outsize=6 kw=DIRECTIONAL SHADOWS_OFF ok=1
Cmd: compileSnippet
  api=1 type=1 insize=1934 outsize=2341 kw=POINT_COOKIE SHADOWS_OFF ok=1
Cmd: compileSnippet
  api=4 type=1 insize=1934 outsize=7230 kw=DIRECTIONAL_COOKIE SHADOWS_SCREEN ok=1
Cmd: compileSnippet
  api=0 type=1 insize=1934 outsize=6 kw=POINT SHADOWS_CUBE SHADOWS_SOFT ok=1
Cmd: compileSnippet
  api=4 type=1 insize=1934 outsize=7815 kw=POINT SHADOWS_CUBE SHADOWS_SOFT ok=1
Cmd: compileSnippet
  api=0 type=1 insize=1934 outsize=6 kw=DIRECTIONAL SHADOWS_OFF UNITY_HDR_ON ok=1
Cmd: compileSnippet
  api=1 type=1 insize=1934 outsize=2018 kw=DIRECTIONAL SHADOWS_OFF UNITY_HDR_ON ok=1
Cmd: compileSnippet
  api=0 type=1 insize=1934 outsize=6 kw=SPOT SHADOWS_DEPTH SHADOWS_NATIVE UNITY_HDR_ON ok=1
Cmd: compileSnippet
  api=1 type=1 insize=1934 outsize=2686 kw=SPOT SHADOWS_DEPTH SHADOWS_NATIVE UNITY_HDR_ON ok=1
Cmd: compileSnippet
  api=0 type=1 insize=1934 outsize=6 kw=POINT_COOKIE SHADOWS_CUBE UNITY_HDR_ON ok=1
Cmd: compileSnippet
  api=1 type=1 insize=1934 outsize=2444 kw=POINT_COOKIE SHADOWS_CUBE UNITY_HDR_ON ok=1
Cmd: compileSnippet
  api=1 type=0 insize=683 outsize=157 kw= ok=1
Cmd: compileSnippet
  api=1 type=0 insize=1051 outsize=240 kw= ok=1
Cmd: compileSnippet
  api=1 type=0 insize=1089 outsize=253 kw= ok=1
Cmd: compileSnippet
  api=4 type=0 insize=6481 outsize=1055 kw= ok=1
Cmd: compileSnippet
  api=4 type=0 insize=723 outsize=1055 kw= ok=1
Unhandled exception: Readfile from pipe failed. GLE=The pipe has been ended.


Quitting shader compiler process

Crashed!
